2010-05-24 15:06:26 Notice: Notice (8): Undefined property:  Dwoo::$Html in [/var/www/vhosts/vpsnet.dev/httpdocs/tmp/dwoo/compile/var/www/vhosts/vpsnet.dev/httpdocs/views/layouts/default.ctp.d17.php, line 25]
2010-05-24 15:08:12 Notice: Notice (8): Undefined property:  Dwoo::$Html in [/var/www/vhosts/vpsnet.dev/httpdocs/tmp/dwoo/compile/var/www/vhosts/vpsnet.dev/httpdocs/views/layouts/default.ctp.d17.php, line 25]
2010-05-24 15:08:34 Notice: Notice (8): Undefined property:  Dwoo::$Html in [/var/www/vhosts/vpsnet.dev/httpdocs/tmp/dwoo/compile/var/www/vhosts/vpsnet.dev/httpdocs/views/layouts/default.ctp.d17.php, line 25]
2010-05-24 15:09:37 Notice: Notice (8): Object of class HtmlHelper to string conversion in [/var/www/vhosts/vpsnet.dev/httpdocs/views/dwoo.php, line 124]
2010-05-24 15:09:37 Notice: Notice (8): Object of class SessionHelper to string conversion in [/var/www/vhosts/vpsnet.dev/httpdocs/views/dwoo.php, line 124]
2010-05-24 15:09:37 Notice: Notice (8): Object of class FormHelper to string conversion in [/var/www/vhosts/vpsnet.dev/httpdocs/views/dwoo.php, line 124]
2010-05-24 15:09:37 Notice: Notice (8): Undefined property:  Dwoo::$Html in [/var/www/vhosts/vpsnet.dev/httpdocs/tmp/dwoo/compile/var/www/vhosts/vpsnet.dev/httpdocs/views/layouts/default.ctp.d17.php, line 25]
2010-05-24 15:09:50 Notice: Notice (8): Undefined property:  Dwoo::$Html in [/var/www/vhosts/vpsnet.dev/httpdocs/tmp/dwoo/compile/var/www/vhosts/vpsnet.dev/httpdocs/views/layouts/default.ctp.d17.php, line 25]
2010-05-24 15:10:02 Notice: Notice (8): Undefined property:  Dwoo::$Html in [/var/www/vhosts/vpsnet.dev/httpdocs/tmp/dwoo/compile/var/www/vhosts/vpsnet.dev/httpdocs/views/layouts/default.ctp.d17.php, line 25]
2010-05-24 15:10:46 Notice: Notice (8): Undefined property:  Dwoo::$Html in [/var/www/vhosts/vpsnet.dev/httpdocs/tmp/dwoo/compile/var/www/vhosts/vpsnet.dev/httpdocs/views/layouts/default.ctp.d17.php, line 25]
2010-05-24 15:10:48 Notice: Notice (8): Undefined property:  Dwoo::$Html in [/var/www/vhosts/vpsnet.dev/httpdocs/tmp/dwoo/compile/var/www/vhosts/vpsnet.dev/httpdocs/views/layouts/default.ctp.d17.php, line 25]
2010-05-24 15:11:23 Notice: Notice (8): Undefined property:  Dwoo::$Html in [/var/www/vhosts/vpsnet.dev/httpdocs/tmp/dwoo/compile/var/www/vhosts/vpsnet.dev/httpdocs/views/layouts/default.ctp.d17.php, line 25]
2010-05-24 15:11:35 Notice: Notice (8): Undefined property:  Dwoo::$Html in [/var/www/vhosts/vpsnet.dev/httpdocs/tmp/dwoo/compile/var/www/vhosts/vpsnet.dev/httpdocs/views/layouts/default.ctp.d17.php, line 25]
2010-05-24 15:11:58 Notice: Notice (8): Undefined variable: title_for_layout in [/var/www/vhosts/vpsnet.dev/httpdocs/tmp/dwoo/compile/var/www/vhosts/vpsnet.dev/httpdocs/views/layouts/default.ctp.d17.php, line 28]
2010-05-24 15:11:58 Notice: Notice (8): Undefined variable: scripts_for_layout in [/var/www/vhosts/vpsnet.dev/httpdocs/tmp/dwoo/compile/var/www/vhosts/vpsnet.dev/httpdocs/views/layouts/default.ctp.d17.php, line 35]
2010-05-24 15:11:58 Notice: Notice (8): Undefined variable: content_for_layout in [/var/www/vhosts/vpsnet.dev/httpdocs/tmp/dwoo/compile/var/www/vhosts/vpsnet.dev/httpdocs/views/layouts/default.ctp.d17.php, line 47]
2010-05-24 15:17:09 Notice: Notice (8): Undefined index:  this in [/var/www/vhosts/vpsnet.dev/httpdocs/tmp/dwoo/compile/var/www/vhosts/vpsnet.dev/httpdocs/views/layouts/default.tpl.d17.php, line 7]
2010-05-24 15:17:35 Notice: Notice (8): Undefined property:  DwooView::$Html in [/var/www/vhosts/vpsnet.dev/httpdocs/vendors/dwoo/Dwoo.php, line 1217]
2010-05-24 15:22:43 Notice: Notice (8): Undefined variable: controller in [/var/www/vhosts/vpsnet.dev/httpdocs/tmp/dwoo/compile/var/cake/libs/view/errors/missing_controller.ctp.d17.php, line 25]
2010-05-24 15:22:43 Notice: Notice (8): Undefined variable: controller in [/var/www/vhosts/vpsnet.dev/httpdocs/tmp/dwoo/compile/var/cake/libs/view/errors/missing_controller.ctp.d17.php, line 29]
2010-05-24 15:22:43 Notice: Notice (8): Undefined variable: controller in [/var/www/vhosts/vpsnet.dev/httpdocs/tmp/dwoo/compile/var/cake/libs/view/errors/missing_controller.ctp.d17.php, line 33]
2010-05-24 15:22:43 Notice: Notice (8): Undefined variable: controllerName in [/var/www/vhosts/vpsnet.dev/httpdocs/tmp/dwoo/compile/var/cake/libs/view/errors/missing_controller.ctp.d17.php, line 35]
2010-05-24 15:24:18 Notice: Notice (8): Undefined variable: table in [/var/www/vhosts/vpsnet.dev/httpdocs/tmp/dwoo/compile/var/cake/libs/view/errors/missing_table.ctp.d17.php, line 25]
2010-05-24 15:24:18 Notice: Notice (8): Undefined variable: model in [/var/www/vhosts/vpsnet.dev/httpdocs/tmp/dwoo/compile/var/cake/libs/view/errors/missing_table.ctp.d17.php, line 25]
2010-05-24 15:25:08 Notice: Notice (8): Undefined variable: table in [/var/www/vhosts/vpsnet.dev/httpdocs/tmp/dwoo/compile/var/cake/libs/view/errors/missing_table.ctp.d17.php, line 25]
2010-05-24 15:25:08 Notice: Notice (8): Undefined variable: model in [/var/www/vhosts/vpsnet.dev/httpdocs/tmp/dwoo/compile/var/cake/libs/view/errors/missing_table.ctp.d17.php, line 25]
2010-05-24 15:26:07 Notice: Notice (8): Undefined variable: table in [/var/www/vhosts/vpsnet.dev/httpdocs/tmp/dwoo/compile/var/cake/libs/view/errors/missing_table.ctp.d17.php, line 25]
2010-05-24 15:26:07 Notice: Notice (8): Undefined variable: model in [/var/www/vhosts/vpsnet.dev/httpdocs/tmp/dwoo/compile/var/cake/libs/view/errors/missing_table.ctp.d17.php, line 25]
2010-05-24 15:29:27 Notice: Notice (8): Undefined variable: table in [/var/www/vhosts/vpsnet.dev/httpdocs/tmp/dwoo/compile/var/cake/libs/view/errors/missing_table.ctp.d17.php, line 25]
2010-05-24 15:29:27 Notice: Notice (8): Undefined variable: model in [/var/www/vhosts/vpsnet.dev/httpdocs/tmp/dwoo/compile/var/cake/libs/view/errors/missing_table.ctp.d17.php, line 25]
2010-05-24 15:30:43 Notice: Notice (8): Undefined variable: controller in [/var/www/vhosts/vpsnet.dev/httpdocs/tmp/dwoo/compile/var/cake/libs/view/errors/missing_action.ctp.d17.php, line 22]
2010-05-24 15:30:43 Notice: Notice (8): Undefined variable: action in [/var/www/vhosts/vpsnet.dev/httpdocs/tmp/dwoo/compile/var/cake/libs/view/errors/missing_action.ctp.d17.php, line 25]
2010-05-24 15:30:43 Notice: Notice (8): Undefined variable: controller in [/var/www/vhosts/vpsnet.dev/httpdocs/tmp/dwoo/compile/var/cake/libs/view/errors/missing_action.ctp.d17.php, line 25]
2010-05-24 15:30:43 Notice: Notice (8): Undefined variable: controller in [/var/www/vhosts/vpsnet.dev/httpdocs/tmp/dwoo/compile/var/cake/libs/view/errors/missing_action.ctp.d17.php, line 29]
2010-05-24 15:30:43 Notice: Notice (8): Undefined variable: action in [/var/www/vhosts/vpsnet.dev/httpdocs/tmp/dwoo/compile/var/cake/libs/view/errors/missing_action.ctp.d17.php, line 29]
2010-05-24 15:30:43 Notice: Notice (8): Undefined variable: controller in [/var/www/vhosts/vpsnet.dev/httpdocs/tmp/dwoo/compile/var/cake/libs/view/errors/missing_action.ctp.d17.php, line 33]
2010-05-24 15:30:43 Notice: Notice (8): Undefined variable: controllerName in [/var/www/vhosts/vpsnet.dev/httpdocs/tmp/dwoo/compile/var/cake/libs/view/errors/missing_action.ctp.d17.php, line 35]
2010-05-24 15:30:43 Notice: Notice (8): Undefined variable: action in [/var/www/vhosts/vpsnet.dev/httpdocs/tmp/dwoo/compile/var/cake/libs/view/errors/missing_action.ctp.d17.php, line 38]
2010-05-24 15:34:41 Notice: Notice (8): Undefined variable: controller in [/var/www/vhosts/vpsnet.dev/httpdocs/tmp/dwoo/compile/var/cake/libs/view/errors/missing_view.ctp.d17.php, line 25]
2010-05-24 15:34:41 Notice: Notice (8): Undefined variable: action in [/var/www/vhosts/vpsnet.dev/httpdocs/tmp/dwoo/compile/var/cake/libs/view/errors/missing_view.ctp.d17.php, line 25]
2010-05-26 12:42:03 Notice: Notice (8): Undefined index:  session in [/var/www/vhosts/vpsnet.dev/httpdocs/tmp/dwoo/compile/var/www/vhosts/vpsnet.dev/httpdocs/views/users/login.tpl.d17.php, line 4]
2010-05-26 12:42:11 Notice: Notice (8): Undefined index:  form in [/var/www/vhosts/vpsnet.dev/httpdocs/tmp/dwoo/compile/var/www/vhosts/vpsnet.dev/httpdocs/views/users/login.tpl.d17.php, line 6]
2010-05-26 12:43:56 Notice: Notice (8): Undefined property:  UserHelper::$Session in [/var/www/vhosts/vpsnet.dev/httpdocs/views/helpers/user.php, line 5]
2010-05-26 16:48:46 Notice: Notice (8): Undefined property:  Workorder::$Statuses in [/var/www/vhosts/vpsnet.dev/httpdocs/controllers/workorders_controller.php, line 16]
2010-05-26 17:10:55 Notice: Notice (8): Undefined index:  jui in [/var/www/vhosts/vpsnet.dev/httpdocs/tmp/dwoo/compile/var/www/vhosts/vpsnet.dev/httpdocs/views/workorders/add.tpl.d17.php, line 19]
2010-05-26 17:12:26 Notice: Notice (8): Undefined index:  jui in [/var/www/vhosts/vpsnet.dev/httpdocs/tmp/dwoo/compile/var/www/vhosts/vpsnet.dev/httpdocs/views/workorders/add.tpl.d17.php, line 19]
2010-05-26 17:12:38 Notice: Notice (8): Undefined index:  jui in [/var/www/vhosts/vpsnet.dev/httpdocs/tmp/dwoo/compile/var/www/vhosts/vpsnet.dev/httpdocs/views/workorders/add.tpl.d17.php, line 19]
2010-05-26 17:12:53 Notice: Notice (8): Undefined index:  jui in [/var/www/vhosts/vpsnet.dev/httpdocs/tmp/dwoo/compile/var/www/vhosts/vpsnet.dev/httpdocs/views/workorders/add.tpl.d17.php, line 19]
2010-05-28 09:36:17 Notice: Notice (8): Undefined property:  Dwoo::$Html in [/var/www/vhosts/vpsnet.dev/httpdocs/tmp/dwoo/compile/var/cake/libs/view/pages/home.ctp.d17.php, line 110]
2010-05-28 16:33:56 Notice: Notice (8): Undefined property:  Dwoo::$Html in [/var/www/vhosts/vpsnet.dev/httpdocs/tmp/dwoo/compile/var/cake/libs/view/pages/home.ctp.d17.php, line 110]
2010-05-28 16:58:30 Notice: Notice (8): Undefined index:  ajax in [/var/www/vhosts/vpsnet.dev/httpdocs/tmp/dwoo/compile/var/www/vhosts/vpsnet.dev/httpdocs/views/workorders/add.tpl.d17.php, line 43]
2010-05-28 17:23:14 Notice: Notice (8): Undefined variable: content_for_layout in [/var/www/vhosts/vpsnet.dev/httpdocs/tmp/dwoo/compile/var/cake/libs/view/layouts/ajax.ctp.d17.php, line 22]
2010-06-01 15:20:56 Notice: Notice (8): Undefined property:  WorkordersController::$Session in [/var/www/vhosts/vpsnet.dev/httpdocs/controllers/workorders_controller.php, line 30]
2010-06-01 15:24:18 Notice: Notice (8): Undefined index:  Car in [/var/www/vhosts/vpsnet.dev/httpdocs/models/makemodel.php, line 28]
2010-06-01 15:25:16 Notice: Notice (8): Undefined index:  Car in [/var/www/vhosts/vpsnet.dev/httpdocs/models/makemodel.php, line 28]
2010-06-02 10:59:28 Notice: Notice (8): Undefined index:  label in [/var/www/vhosts/vpsnet.dev/httpdocs/tmp/dwoo/compile/var/www/vhosts/vpsnet.dev/httpdocs/views/workorders/__clever/calendar.tpl.d17.php, line 4]
2010-06-07 16:34:11 Notice: Notice (8): Undefined index:  field in [/var/www/vhosts/vpsnet.dev/httpdocs/tmp/dwoo/compile/var/www/vhosts/vpsnet.dev/httpdocs/views/workorders/add.tpl.d17.php, line 65]
2010-06-07 16:34:13 Notice: Notice (8): Undefined index:  field in [/var/www/vhosts/vpsnet.dev/httpdocs/tmp/dwoo/compile/var/www/vhosts/vpsnet.dev/httpdocs/views/workorders/add.tpl.d17.php, line 65]
2010-06-07 16:34:19 Notice: Notice (8): Undefined index:  field in [/var/www/vhosts/vpsnet.dev/httpdocs/tmp/dwoo/compile/var/www/vhosts/vpsnet.dev/httpdocs/views/workorders/add.tpl.d17.php, line 65]
2010-06-07 16:35:42 Notice: Notice (8): Undefined index:  field in [/var/www/vhosts/vpsnet.dev/httpdocs/tmp/dwoo/compile/var/www/vhosts/vpsnet.dev/httpdocs/views/workorders/add.tpl.d17.php, line 65]
2010-06-07 16:35:49 Notice: Notice (8): Undefined index:  field in [/var/www/vhosts/vpsnet.dev/httpdocs/tmp/dwoo/compile/var/www/vhosts/vpsnet.dev/httpdocs/views/workorders/add.tpl.d17.php, line 65]
2010-06-07 16:36:21 Notice: Notice (8): Undefined index:  field in [/var/www/vhosts/vpsnet.dev/httpdocs/tmp/dwoo/compile/var/www/vhosts/vpsnet.dev/httpdocs/views/workorders/add.tpl.d17.php, line 65]
2010-06-07 16:36:35 Notice: Notice (8): Undefined index:  field in [/var/www/vhosts/vpsnet.dev/httpdocs/tmp/dwoo/compile/var/www/vhosts/vpsnet.dev/httpdocs/views/workorders/add.tpl.d17.php, line 65]
2010-06-07 16:36:40 Notice: Notice (8): Undefined index:  field in [/var/www/vhosts/vpsnet.dev/httpdocs/tmp/dwoo/compile/var/www/vhosts/vpsnet.dev/httpdocs/views/workorders/add.tpl.d17.php, line 65]
2010-06-07 16:36:57 Notice: Notice (8): Undefined index:  field in [/var/www/vhosts/vpsnet.dev/httpdocs/tmp/dwoo/compile/var/www/vhosts/vpsnet.dev/httpdocs/views/workorders/add.tpl.d17.php, line 65]
2010-06-07 16:49:30 Notice: Notice (8): Undefined index:  chassis in [/var/www/vhosts/vpsnet.dev/httpdocs/controllers/workorders_controller.php, line 74]
2010-06-07 16:49:38 Notice: Notice (8): Undefined index:  registration in [/var/www/vhosts/vpsnet.dev/httpdocs/controllers/workorders_controller.php, line 73]
2010-06-07 16:57:25 Notice: Notice (8): Undefined property:  WorkordersController::$Car in [/var/www/vhosts/vpsnet.dev/httpdocs/controllers/components/autocomplete.php, line 56]
2010-06-07 16:58:12 Notice: Notice (8): Undefined property:  WorkordersController::$Workorder in [/var/www/vhosts/vpsnet.dev/httpdocs/controllers/workorders_controller.php, line 41]
2010-06-07 16:58:12 Notice: Notice (8): Trying to get property of non-object in [/var/www/vhosts/vpsnet.dev/httpdocs/controllers/workorders_controller.php, line 41]
2010-06-07 16:58:21 Notice: Notice (8): Undefined property:  WorkordersController::$Workorder in [/var/www/vhosts/vpsnet.dev/httpdocs/controllers/workorders_controller.php, line 41]
2010-06-07 16:58:21 Notice: Notice (8): Trying to get property of non-object in [/var/www/vhosts/vpsnet.dev/httpdocs/controllers/workorders_controller.php, line 41]
2010-06-08 11:40:50 Notice: Notice (8): Undefined offset:  1 in [/var/www/vhosts/vpsnet.dev/httpdocs/controllers/workorders_controller.php, line 22]
2010-06-08 11:40:50 Notice: Notice (8): Undefined offset:  2 in [/var/www/vhosts/vpsnet.dev/httpdocs/controllers/workorders_controller.php, line 22]
2010-06-08 11:47:15 Notice: Notice (8): Array to string conversion in [/var/cake/libs/model/datasources/dbo_source.php, line 731]
2010-06-08 12:00:52 Notice: Notice (8): Undefined offset:  1 in [/var/www/vhosts/vpsnet.dev/httpdocs/controllers/workorders_controller.php, line 22]
2010-06-08 12:00:52 Notice: Notice (8): Undefined offset:  2 in [/var/www/vhosts/vpsnet.dev/httpdocs/controllers/workorders_controller.php, line 22]
2010-06-08 12:02:58 Notice: Notice (8): Undefined offset:  1 in [/var/www/vhosts/vpsnet.dev/httpdocs/controllers/workorders_controller.php, line 22]
2010-06-08 12:02:58 Notice: Notice (8): Undefined offset:  2 in [/var/www/vhosts/vpsnet.dev/httpdocs/controllers/workorders_controller.php, line 22]
2010-06-08 12:16:15 Notice: Notice (8): Undefined property:  SettingsController::$Session in [/var/www/vhosts/vpsnet.dev/httpdocs/controllers/settings_controller.php, line 7]
2010-06-08 12:29:32 Notice: Notice (8): Undefined index:  name in [/var/www/vhosts/vpsnet.dev/httpdocs/tmp/dwoo/compile/var/www/vhosts/vpsnet.dev/httpdocs/views/settings/index.tpl.d17.php, line 63]
2010-06-08 12:44:55 Notice: Notice (8): Uninitialized string offset:  0 in [/var/www/vhosts/vpsnet.dev/httpdocs/tmp/dwoo/compile/var/www/vhosts/vpsnet.dev/httpdocs/views/workorders/update_car.tpl.d17.php, line 44]
2010-06-08 12:44:55 Notice: Notice (8): Uninitialized string offset:  0 in [/var/www/vhosts/vpsnet.dev/httpdocs/tmp/dwoo/compile/var/www/vhosts/vpsnet.dev/httpdocs/views/workorders/update_car.tpl.d17.php, line 45]
2010-06-08 12:44:55 Notice: Notice (8): Uninitialized string offset:  0 in [/var/www/vhosts/vpsnet.dev/httpdocs/tmp/dwoo/compile/var/www/vhosts/vpsnet.dev/httpdocs/views/workorders/update_car.tpl.d17.php, line 47]
2010-06-08 12:46:06 Notice: Notice (8): Uninitialized string offset:  0 in [/var/www/vhosts/vpsnet.dev/httpdocs/tmp/dwoo/compile/var/www/vhosts/vpsnet.dev/httpdocs/views/workorders/update_car.tpl.d17.php, line 44]
2010-06-08 12:46:06 Notice: Notice (8): Uninitialized string offset:  0 in [/var/www/vhosts/vpsnet.dev/httpdocs/tmp/dwoo/compile/var/www/vhosts/vpsnet.dev/httpdocs/views/workorders/update_car.tpl.d17.php, line 45]
2010-06-08 12:46:06 Notice: Notice (8): Uninitialized string offset:  0 in [/var/www/vhosts/vpsnet.dev/httpdocs/tmp/dwoo/compile/var/www/vhosts/vpsnet.dev/httpdocs/views/workorders/update_car.tpl.d17.php, line 47]
2010-06-08 13:08:46 Notice: Notice (8): Uninitialized string offset:  0 in [/var/www/vhosts/vpsnet.dev/httpdocs/tmp/dwoo/compile/var/www/vhosts/vpsnet.dev/httpdocs/views/workorders/update_car.tpl.d17.php, line 44]
2010-06-08 13:08:46 Notice: Notice (8): Uninitialized string offset:  0 in [/var/www/vhosts/vpsnet.dev/httpdocs/tmp/dwoo/compile/var/www/vhosts/vpsnet.dev/httpdocs/views/workorders/update_car.tpl.d17.php, line 45]
2010-06-08 13:08:46 Notice: Notice (8): Uninitialized string offset:  0 in [/var/www/vhosts/vpsnet.dev/httpdocs/tmp/dwoo/compile/var/www/vhosts/vpsnet.dev/httpdocs/views/workorders/update_car.tpl.d17.php, line 47]
2010-06-08 13:10:40 Notice: Notice (8): Uninitialized string offset:  0 in [/var/www/vhosts/vpsnet.dev/httpdocs/tmp/dwoo/compile/var/www/vhosts/vpsnet.dev/httpdocs/views/workorders/update_car.tpl.d17.php, line 44]
2010-06-08 13:10:40 Notice: Notice (8): Uninitialized string offset:  0 in [/var/www/vhosts/vpsnet.dev/httpdocs/tmp/dwoo/compile/var/www/vhosts/vpsnet.dev/httpdocs/views/workorders/update_car.tpl.d17.php, line 45]
2010-06-08 13:10:40 Notice: Notice (8): Uninitialized string offset:  0 in [/var/www/vhosts/vpsnet.dev/httpdocs/tmp/dwoo/compile/var/www/vhosts/vpsnet.dev/httpdocs/views/workorders/update_car.tpl.d17.php, line 47]
2010-06-08 13:13:00 Notice: Notice (8): Uninitialized string offset:  0 in [/var/www/vhosts/vpsnet.dev/httpdocs/tmp/dwoo/compile/var/www/vhosts/vpsnet.dev/httpdocs/views/workorders/update_car.tpl.d17.php, line 44]
2010-06-08 13:13:00 Notice: Notice (8): Uninitialized string offset:  0 in [/var/www/vhosts/vpsnet.dev/httpdocs/tmp/dwoo/compile/var/www/vhosts/vpsnet.dev/httpdocs/views/workorders/update_car.tpl.d17.php, line 45]
2010-06-08 13:13:00 Notice: Notice (8): Uninitialized string offset:  0 in [/var/www/vhosts/vpsnet.dev/httpdocs/tmp/dwoo/compile/var/www/vhosts/vpsnet.dev/httpdocs/views/workorders/update_car.tpl.d17.php, line 47]
2010-06-08 13:14:20 Notice: Notice (8): Uninitialized string offset:  0 in [/var/www/vhosts/vpsnet.dev/httpdocs/tmp/dwoo/compile/var/www/vhosts/vpsnet.dev/httpdocs/views/workorders/update_car.tpl.d17.php, line 47]
2010-06-08 13:14:20 Notice: Notice (8): Uninitialized string offset:  0 in [/var/www/vhosts/vpsnet.dev/httpdocs/tmp/dwoo/compile/var/www/vhosts/vpsnet.dev/httpdocs/views/workorders/update_car.tpl.d17.php, line 48]
2010-06-08 13:14:20 Notice: Notice (8): Uninitialized string offset:  0 in [/var/www/vhosts/vpsnet.dev/httpdocs/tmp/dwoo/compile/var/www/vhosts/vpsnet.dev/httpdocs/views/workorders/update_car.tpl.d17.php, line 50]
2010-06-08 13:14:34 Notice: Notice (8): Uninitialized string offset:  0 in [/var/www/vhosts/vpsnet.dev/httpdocs/tmp/dwoo/compile/var/www/vhosts/vpsnet.dev/httpdocs/views/workorders/update_car.tpl.d17.php, line 47]
2010-06-08 13:14:34 Notice: Notice (8): Uninitialized string offset:  0 in [/var/www/vhosts/vpsnet.dev/httpdocs/tmp/dwoo/compile/var/www/vhosts/vpsnet.dev/httpdocs/views/workorders/update_car.tpl.d17.php, line 48]
2010-06-08 13:14:34 Notice: Notice (8): Uninitialized string offset:  0 in [/var/www/vhosts/vpsnet.dev/httpdocs/tmp/dwoo/compile/var/www/vhosts/vpsnet.dev/httpdocs/views/workorders/update_car.tpl.d17.php, line 50]
2010-06-08 13:20:29 Notice: Notice (8): Uninitialized string offset:  0 in [/var/www/vhosts/vpsnet.dev/httpdocs/tmp/dwoo/compile/var/www/vhosts/vpsnet.dev/httpdocs/views/workorders/update_car.tpl.d17.php, line 47]
2010-06-08 13:20:29 Notice: Notice (8): Uninitialized string offset:  0 in [/var/www/vhosts/vpsnet.dev/httpdocs/tmp/dwoo/compile/var/www/vhosts/vpsnet.dev/httpdocs/views/workorders/update_car.tpl.d17.php, line 48]
2010-06-08 13:20:29 Notice: Notice (8): Uninitialized string offset:  0 in [/var/www/vhosts/vpsnet.dev/httpdocs/tmp/dwoo/compile/var/www/vhosts/vpsnet.dev/httpdocs/views/workorders/update_car.tpl.d17.php, line 50]
2010-06-08 13:48:02 Notice: Notice (8): Undefined index:  notes in [/var/www/vhosts/vpsnet.dev/httpdocs/tmp/dwoo/compile/var/www/vhosts/vpsnet.dev/httpdocs/views/workorders/update_car.tpl.d17.php, line 51]
2010-06-08 13:48:26 Notice: Notice (8): Undefined index:  notes in [/var/www/vhosts/vpsnet.dev/httpdocs/tmp/dwoo/compile/var/www/vhosts/vpsnet.dev/httpdocs/views/workorders/update_car.tpl.d17.php, line 51]
2010-06-08 13:50:46 Notice: Notice (8): Undefined index:  notes in [/var/www/vhosts/vpsnet.dev/httpdocs/tmp/dwoo/compile/var/www/vhosts/vpsnet.dev/httpdocs/views/workorders/update_car.tpl.d17.php, line 51]
2010-06-08 13:51:06 Notice: Notice (8): Undefined index:  notes in [/var/www/vhosts/vpsnet.dev/httpdocs/tmp/dwoo/compile/var/www/vhosts/vpsnet.dev/httpdocs/views/workorders/update_car.tpl.d17.php, line 51]
2010-06-08 13:51:51 Notice: Notice (8): Undefined index:  notes in [/var/www/vhosts/vpsnet.dev/httpdocs/tmp/dwoo/compile/var/www/vhosts/vpsnet.dev/httpdocs/views/workorders/update_car.tpl.d17.php, line 51]
2010-06-08 13:52:04 Notice: Notice (8): Undefined index:  notes in [/var/www/vhosts/vpsnet.dev/httpdocs/tmp/dwoo/compile/var/www/vhosts/vpsnet.dev/httpdocs/views/workorders/update_car.tpl.d17.php, line 51]
2010-06-08 13:52:34 Notice: Notice (8): Undefined index:  notes in [/var/www/vhosts/vpsnet.dev/httpdocs/tmp/dwoo/compile/var/www/vhosts/vpsnet.dev/httpdocs/views/workorders/update_car.tpl.d17.php, line 51]
2010-06-08 13:55:04 Notice: Notice (8): Undefined index:  notes in [/var/www/vhosts/vpsnet.dev/httpdocs/tmp/dwoo/compile/var/www/vhosts/vpsnet.dev/httpdocs/views/workorders/update_car.tpl.d17.php, line 70]
2010-06-08 13:55:37 Notice: Notice (8): Undefined index:  notes in [/var/www/vhosts/vpsnet.dev/httpdocs/tmp/dwoo/compile/var/www/vhosts/vpsnet.dev/httpdocs/views/workorders/update_car.tpl.d17.php, line 90]
2010-06-08 14:13:19 Notice: Notice (8): Undefined index:  Department in [/var/www/vhosts/vpsnet.dev/httpdocs/tmp/dwoo/compile/var/www/vhosts/vpsnet.dev/httpdocs/views/workorders/update_car.tpl.d17.php, line 58]
2010-06-08 14:13:19 Notice: Notice (8): Undefined index:  AuthorisedByUser in [/var/www/vhosts/vpsnet.dev/httpdocs/tmp/dwoo/compile/var/www/vhosts/vpsnet.dev/httpdocs/views/workorders/update_car.tpl.d17.php, line 59]
2010-06-08 14:13:19 Notice: Notice (8): Undefined index:  notes in [/var/www/vhosts/vpsnet.dev/httpdocs/tmp/dwoo/compile/var/www/vhosts/vpsnet.dev/httpdocs/views/workorders/update_car.tpl.d17.php, line 133]
2010-06-08 14:13:19 Notice: Notice (8): Undefined index:  Makemodel in [/var/www/vhosts/vpsnet.dev/httpdocs/tmp/dwoo/compile/var/www/vhosts/vpsnet.dev/httpdocs/views/workorders/update_car.tpl.d17.php, line 144]
2010-06-08 14:13:19 Notice: Notice (8): Undefined index:  Status in [/var/www/vhosts/vpsnet.dev/httpdocs/tmp/dwoo/compile/var/www/vhosts/vpsnet.dev/httpdocs/views/workorders/update_car.tpl.d17.php, line 147]
2010-06-08 14:13:19 Notice: Notice (8): Undefined index:  Location in [/var/www/vhosts/vpsnet.dev/httpdocs/tmp/dwoo/compile/var/www/vhosts/vpsnet.dev/httpdocs/views/workorders/update_car.tpl.d17.php, line 148]
2010-06-08 14:26:09 Notice: Notice (8): Undefined variable: type in [/var/www/vhosts/vpsnet.dev/httpdocs/models/makemodel.php, line 37]
2010-06-08 14:29:21 Notice: Notice (8): Undefined property:  Makemodel::$Workorder in [/var/www/vhosts/vpsnet.dev/httpdocs/models/makemodel.php, line 34]
2010-06-08 14:29:21 Notice: Notice (8): Trying to get property of non-object in [/var/www/vhosts/vpsnet.dev/httpdocs/models/makemodel.php, line 34]
2010-06-08 14:37:27 Notice: Notice (8): Undefined variable: type in [/var/www/vhosts/vpsnet.dev/httpdocs/models/makemodel.php, line 42]
2010-06-08 15:15:36 Notice: Notice (8): Undefined property:  LocationHelper::$Location in [/var/www/vhosts/vpsnet.dev/httpdocs/views/helpers/location.php, line 8]
2010-06-08 15:17:06 Notice: Notice (8): Undefined variable: uses in [/var/www/vhosts/vpsnet.dev/httpdocs/views/helpers/location.php, line 8]
2010-06-08 15:17:06 Notice: Notice (8): Undefined property:  LocationHelper::$Location in [/var/www/vhosts/vpsnet.dev/httpdocs/views/helpers/location.php, line 14]
2010-06-08 17:17:21 Notice: Notice (8): Undefined property:  UsersController::$Session in [/var/www/vhosts/vpsnet.dev/httpdocs/controllers/users_controller.php, line 16]
2010-06-08 17:18:17 Notice: Notice (8): Undefined property:  UsersController::$Session in [/var/www/vhosts/vpsnet.dev/httpdocs/controllers/users_controller.php, line 17]
2010-06-09 11:36:29 Notice: Notice (8): Undefined index:  Makemodel in [/var/www/vhosts/vpsnet.dev/httpdocs/tmp/dwoo/compile/var/www/vhosts/vpsnet.dev/httpdocs/views/workorders/index.tpl.d17.php, line 117]
2010-06-09 11:37:08 Notice: Notice (8): Undefined variable: cars in [/var/www/vhosts/vpsnet.dev/httpdocs/controllers/workorders_controller.php, line 15]
2010-06-09 13:58:10 Notice: Notice (8): Undefined property:  UserHelper::$User in [/var/www/vhosts/vpsnet.dev/httpdocs/views/helpers/user.php, line 16]
2010-06-09 13:58:10 Notice: Notice (8): Trying to get property of non-object in [/var/www/vhosts/vpsnet.dev/httpdocs/views/helpers/user.php, line 16]
2010-06-09 13:58:20 Notice: Notice (8): Undefined variable: user in [/var/www/vhosts/vpsnet.dev/httpdocs/views/helpers/user.php, line 16]
2010-06-09 13:58:25 Notice: Notice (8): Undefined variable: user in [/var/www/vhosts/vpsnet.dev/httpdocs/views/helpers/user.php, line 16]
2010-06-09 13:58:40 Notice: Notice (8): Undefined property:  WorkordersController::$Location in [/var/www/vhosts/vpsnet.dev/httpdocs/app_controller.php, line 40]
2010-06-09 13:58:41 Notice: Notice (8): Undefined property:  WorkordersController::$Location in [/var/www/vhosts/vpsnet.dev/httpdocs/app_controller.php, line 40]
2010-06-09 13:58:58 Notice: Notice (8): Undefined variable: user in [/var/www/vhosts/vpsnet.dev/httpdocs/app_controller.php, line 41]
2010-06-09 13:59:27 Notice: Notice (8): Undefined index:  User in [/var/www/vhosts/vpsnet.dev/httpdocs/app_controller.php, line 42]
2010-06-10 14:35:15 Notice: Notice (8): Undefined property:  WorkordersController::$Paginator in [/var/www/vhosts/vpsnet.dev/httpdocs/controllers/workorders_controller.php, line 13]
2010-06-10 15:11:04 Notice: Notice (8): Undefined index:  yes in [/var/www/vhosts/vpsnet.dev/httpdocs/tmp/dwoo/compile/var/www/vhosts/vpsnet.dev/httpdocs/views/workorders/index.tpl.d17.php, line 21]
2010-06-10 16:30:24 Notice: Notice (8): Undefined index:  paginatior in [/var/www/vhosts/vpsnet.dev/httpdocs/tmp/dwoo/compile/var/www/vhosts/vpsnet.dev/httpdocs/views/workorders/index.tpl.d17.php, line 63]
2010-06-11 16:50:16 Notice: Notice (8): Undefined property:  OverviewController::$Session in [/var/www/vhosts/vpsnet.dev/httpdocs/app_controller.php, line 40]
2010-06-11 17:35:22 Notice: Notice (8): Undefined index:  Search in [/var/www/vhosts/vpsnet.dev/httpdocs/controllers/workorders_controller.php, line 162]
2010-06-11 17:35:22 Notice: Notice (8): Undefined index:  Search in [/var/www/vhosts/vpsnet.dev/httpdocs/controllers/workorders_controller.php, line 163]
2010-06-14 17:10:29 Notice: Notice (8): Undefined variable: conditions in [/var/www/vhosts/vpsnet.dev/httpdocs/controllers/workorders_controller.php, line 201]
2010-06-14 17:10:29 Notice: Notice (8): Undefined variable: conditions in [/var/www/vhosts/vpsnet.dev/httpdocs/controllers/workorders_controller.php, line 202]
2010-06-14 17:58:55 Notice: Notice (8): Undefined index:  datetime_required_from in [/var/www/vhosts/vpsnet.dev/httpdocs/controllers/workorders_controller.php, line 158]
2010-06-14 17:58:55 Notice: Notice (8): Undefined index:  datetime_required_to in [/var/www/vhosts/vpsnet.dev/httpdocs/controllers/workorders_controller.php, line 159]
2010-06-16 11:34:36 Notice: Notice (8): Undefined index:  date in [/var/www/vhosts/vpsnet.dev/httpdocs/controllers/workorders_controller.php, line 55]
2010-06-16 11:34:50 Notice: Notice (8): Undefined index:  date in [/var/www/vhosts/vpsnet.dev/httpdocs/controllers/workorders_controller.php, line 55]
2010-06-16 11:35:07 Notice: Notice (8): Undefined index:  date in [/var/www/vhosts/vpsnet.dev/httpdocs/controllers/workorders_controller.php, line 55]
2010-06-16 16:50:25 Notice: Notice (8): Undefined index:  paginator in [/var/www/vhosts/vpsnet.dev/httpdocs/tmp/dwoo/compile/var/www/vhosts/vpsnet.dev/httpdocs/views/overview/__clever/filters.tpl.d17.php, line 14]
2010-06-16 16:50:46 Notice: Notice (8): Undefined index:  pageCount in [/var/cake/libs/view/helpers/paginator.php, line 621]
2010-06-16 16:50:58 Notice: Notice (8): Undefined index:  pageCount in [/var/cake/libs/view/helpers/paginator.php, line 621]
2010-06-16 16:55:28 Notice: Notice (8): Undefined variable: workorders in [/var/www/vhosts/vpsnet.dev/httpdocs/controllers/overview_controller.php, line 44]
2010-06-16 16:55:28 Notice: Notice (8): Undefined variable: workorders in [/var/www/vhosts/vpsnet.dev/httpdocs/controllers/overview_controller.php, line 48]
2010-06-16 16:56:36 Notice: Notice (8): Undefined index:  Workorder in [/var/www/vhosts/vpsnet.dev/httpdocs/tmp/dwoo/compile/var/www/vhosts/vpsnet.dev/httpdocs/views/overview/index.tpl.d17.php, line 38]
2010-06-16 16:56:36 Notice: Notice (8): Undefined index:  Department in [/var/www/vhosts/vpsnet.dev/httpdocs/tmp/dwoo/compile/var/www/vhosts/vpsnet.dev/httpdocs/views/overview/index.tpl.d17.php, line 39]
2010-06-16 16:56:36 Notice: Notice (8): Undefined index:  AuthorisedByUser in [/var/www/vhosts/vpsnet.dev/httpdocs/tmp/dwoo/compile/var/www/vhosts/vpsnet.dev/httpdocs/views/overview/index.tpl.d17.php, line 40]
2010-06-16 16:56:36 Notice: Notice (8): Undefined index:  Workorder in [/var/www/vhosts/vpsnet.dev/httpdocs/tmp/dwoo/compile/var/www/vhosts/vpsnet.dev/httpdocs/views/overview/index.tpl.d17.php, line 105]
2010-06-16 16:56:36 Notice: Notice (8): Undefined index:  Car in [/var/www/vhosts/vpsnet.dev/httpdocs/tmp/dwoo/compile/var/www/vhosts/vpsnet.dev/httpdocs/views/overview/index.tpl.d17.php, line 113]
2010-06-16 16:56:36 Notice: Notice (8): Undefined index:  Car in [/var/www/vhosts/vpsnet.dev/httpdocs/tmp/dwoo/compile/var/www/vhosts/vpsnet.dev/httpdocs/views/overview/index.tpl.d17.php, line 115]
2010-06-16 16:56:36 Notice: Notice (8): Undefined index:  Car in [/var/www/vhosts/vpsnet.dev/httpdocs/tmp/dwoo/compile/var/www/vhosts/vpsnet.dev/httpdocs/views/overview/index.tpl.d17.php, line 116]
2010-06-16 16:56:36 Notice: Notice (8): Undefined index:  Workorder in [/var/www/vhosts/vpsnet.dev/httpdocs/tmp/dwoo/compile/var/www/vhosts/vpsnet.dev/httpdocs/views/overview/index.tpl.d17.php, line 117]
2010-06-16 16:56:36 Notice: Notice (8): Undefined index:  Status in [/var/www/vhosts/vpsnet.dev/httpdocs/tmp/dwoo/compile/var/www/vhosts/vpsnet.dev/httpdocs/views/overview/index.tpl.d17.php, line 120]
2010-06-16 16:57:40 Notice: Notice (8): Undefined index:  Workorder in [/var/www/vhosts/vpsnet.dev/httpdocs/tmp/dwoo/compile/var/www/vhosts/vpsnet.dev/httpdocs/views/overview/index.tpl.d17.php, line 38]
2010-06-16 16:57:40 Notice: Notice (8): Undefined index:  Department in [/var/www/vhosts/vpsnet.dev/httpdocs/tmp/dwoo/compile/var/www/vhosts/vpsnet.dev/httpdocs/views/overview/index.tpl.d17.php, line 39]
2010-06-16 16:57:40 Notice: Notice (8): Undefined index:  AuthorisedByUser in [/var/www/vhosts/vpsnet.dev/httpdocs/tmp/dwoo/compile/var/www/vhosts/vpsnet.dev/httpdocs/views/overview/index.tpl.d17.php, line 40]
2010-06-16 16:57:40 Notice: Notice (8): Undefined index:  Workorder in [/var/www/vhosts/vpsnet.dev/httpdocs/tmp/dwoo/compile/var/www/vhosts/vpsnet.dev/httpdocs/views/overview/index.tpl.d17.php, line 105]
2010-06-16 16:57:40 Notice: Notice (8): Undefined index:  Car in [/var/www/vhosts/vpsnet.dev/httpdocs/tmp/dwoo/compile/var/www/vhosts/vpsnet.dev/httpdocs/views/overview/index.tpl.d17.php, line 113]
2010-06-16 16:57:40 Notice: Notice (8): Undefined index:  Car in [/var/www/vhosts/vpsnet.dev/httpdocs/tmp/dwoo/compile/var/www/vhosts/vpsnet.dev/httpdocs/views/overview/index.tpl.d17.php, line 115]
2010-06-16 16:57:40 Notice: Notice (8): Undefined index:  Car in [/var/www/vhosts/vpsnet.dev/httpdocs/tmp/dwoo/compile/var/www/vhosts/vpsnet.dev/httpdocs/views/overview/index.tpl.d17.php, line 116]
2010-06-16 16:57:40 Notice: Notice (8): Undefined index:  Workorder in [/var/www/vhosts/vpsnet.dev/httpdocs/tmp/dwoo/compile/var/www/vhosts/vpsnet.dev/httpdocs/views/overview/index.tpl.d17.php, line 117]
2010-06-16 16:57:40 Notice: Notice (8): Undefined index:  Status in [/var/www/vhosts/vpsnet.dev/httpdocs/tmp/dwoo/compile/var/www/vhosts/vpsnet.dev/httpdocs/views/overview/index.tpl.d17.php, line 120]
2010-06-16 16:57:57 Notice: Notice (8): Undefined index:  Workorder in [/var/www/vhosts/vpsnet.dev/httpdocs/tmp/dwoo/compile/var/www/vhosts/vpsnet.dev/httpdocs/views/overview/index.tpl.d17.php, line 36]
2010-06-16 16:59:19 Notice: Notice (8): Undefined index:  Workorder in [/var/www/vhosts/vpsnet.dev/httpdocs/tmp/dwoo/compile/var/www/vhosts/vpsnet.dev/httpdocs/views/overview/index.tpl.d17.php, line 36]
2010-06-16 16:59:44 Notice: Notice (8): Undefined index:  Workorder in [/var/www/vhosts/vpsnet.dev/httpdocs/tmp/dwoo/compile/var/www/vhosts/vpsnet.dev/httpdocs/views/overview/index.tpl.d17.php, line 36]
2010-06-16 17:00:04 Notice: Notice (8): Undefined index:  Workorder in [/var/www/vhosts/vpsnet.dev/httpdocs/tmp/dwoo/compile/var/www/vhosts/vpsnet.dev/httpdocs/views/overview/index.tpl.d17.php, line 36]
2010-06-16 17:02:11 Notice: Notice (8): Undefined index:  Workorder in [/var/www/vhosts/vpsnet.dev/httpdocs/tmp/dwoo/compile/var/www/vhosts/vpsnet.dev/httpdocs/views/overview/index.tpl.d17.php, line 36]
2010-06-16 17:02:34 Notice: Notice (8): Undefined index:  Workorder in [/var/www/vhosts/vpsnet.dev/httpdocs/tmp/dwoo/compile/var/www/vhosts/vpsnet.dev/httpdocs/views/overview/index.tpl.d17.php, line 36]
2010-06-16 17:12:10 Notice: Notice (8): Undefined index:  Workorder in [/var/www/vhosts/vpsnet.dev/httpdocs/tmp/dwoo/compile/var/www/vhosts/vpsnet.dev/httpdocs/views/overview/index.tpl.d17.php, line 36]
2010-06-16 17:15:09 Notice: Notice (8): Undefined index:  Workorder in [/var/www/vhosts/vpsnet.dev/httpdocs/tmp/dwoo/compile/var/www/vhosts/vpsnet.dev/httpdocs/views/overview/index.tpl.d17.php, line 36]
2010-06-16 17:15:41 Notice: Notice (8): Undefined index:  Workorder in [/var/www/vhosts/vpsnet.dev/httpdocs/tmp/dwoo/compile/var/www/vhosts/vpsnet.dev/httpdocs/views/overview/index.tpl.d17.php, line 36]
2010-06-16 17:15:52 Notice: Notice (8): Undefined index:  Workorder in [/var/www/vhosts/vpsnet.dev/httpdocs/tmp/dwoo/compile/var/www/vhosts/vpsnet.dev/httpdocs/views/overview/index.tpl.d17.php, line 36]
2010-06-16 17:15:56 Notice: Notice (8): Undefined index:  Workorder in [/var/www/vhosts/vpsnet.dev/httpdocs/tmp/dwoo/compile/var/www/vhosts/vpsnet.dev/httpdocs/views/overview/index.tpl.d17.php, line 36]
2010-06-16 17:16:55 Notice: Notice (8): Undefined index:  Workorder in [/var/www/vhosts/vpsnet.dev/httpdocs/tmp/dwoo/compile/var/www/vhosts/vpsnet.dev/httpdocs/views/overview/index.tpl.d17.php, line 36]
2010-06-16 17:17:10 Notice: Notice (8): Undefined index:  Workorder in [/var/www/vhosts/vpsnet.dev/httpdocs/tmp/dwoo/compile/var/www/vhosts/vpsnet.dev/httpdocs/views/overview/index.tpl.d17.php, line 36]
2010-06-17 16:27:09 Notice: Notice (8): Undefined index:  action in [/var/www/vhosts/vpsnet.dev/httpdocs/controllers/workorders_controller.php, line 280]
2010-06-17 16:40:47 Notice: Notice (8): Undefined index:  action in [/var/www/vhosts/vpsnet.dev/httpdocs/controllers/workorders_controller.php, line 280]
2010-06-17 16:54:17 Notice: Notice (8): Undefined index:  date_completed in [/var/www/vhosts/vpsnet.dev/httpdocs/tmp/dwoo/compile/var/www/vhosts/vpsnet.dev/httpdocs/views/workorders/view.tpl.d17.php, line 59]
2010-06-17 17:30:05 Notice: Notice (8): Undefined offset:  0 in [/var/www/vhosts/vpsnet.dev/httpdocs/controllers/workorders_controller.php, line 318]
2010-06-17 17:30:05 Notice: Notice (8): Undefined offset:  0 in [/var/www/vhosts/vpsnet.dev/httpdocs/controllers/workorders_controller.php, line 321]
2010-06-17 17:31:09 Notice: Notice (8): Undefined index:  makemodel_id in [/var/www/vhosts/vpsnet.dev/httpdocs/controllers/workorders_controller.php, line 47]
2010-06-17 17:37:09 Notice: Notice (8): Undefined index:  makemodel_id in [/var/www/vhosts/vpsnet.dev/httpdocs/controllers/workorders_controller.php, line 144]
2010-06-17 17:46:32 Notice: Notice (8): Undefined index:  Makemodel in [/var/www/vhosts/vpsnet.dev/httpdocs/controllers/workorders_controller.php, line 297]
2010-06-17 17:53:28 Notice: Notice (8): Undefined property:  WorkordersController::$User in [/var/www/vhosts/vpsnet.dev/httpdocs/controllers/workorders_controller.php, line 42]
2010-06-18 16:12:27 Notice: Notice (8): Undefined index:  year in [/var/www/vhosts/vpsnet.dev/httpdocs/tmp/dwoo/compile/var/www/vhosts/vpsnet.dev/httpdocs/views/overview/complete.tpl.d17.php, line 33]
2010-06-18 16:12:27 Notice: Notice (8): Undefined index:  year in [/var/www/vhosts/vpsnet.dev/httpdocs/tmp/dwoo/compile/var/www/vhosts/vpsnet.dev/httpdocs/views/overview/complete.tpl.d17.php, line 34]
2010-06-18 16:12:58 Notice: Notice (8): Undefined index:  year in [/var/www/vhosts/vpsnet.dev/httpdocs/tmp/dwoo/compile/var/www/vhosts/vpsnet.dev/httpdocs/views/overview/complete.tpl.d17.php, line 33]
2010-06-18 16:13:29 Notice: Notice (8): Undefined index:  year in [/var/www/vhosts/vpsnet.dev/httpdocs/tmp/dwoo/compile/var/www/vhosts/vpsnet.dev/httpdocs/views/overview/complete.tpl.d17.php, line 33]
2010-06-18 16:15:51 Notice: Notice (8): Undefined index:  pageCount in [/var/cake/libs/view/helpers/paginator.php, line 621]
2010-06-18 16:16:43 Notice: Notice (8): Undefined property:  OverviewController::$User in [/var/www/vhosts/vpsnet.dev/httpdocs/controllers/overview_controller.php, line 169]
2010-06-18 16:29:16 Notice: Notice (8): Undefined index:  0 in [/var/www/vhosts/vpsnet.dev/httpdocs/tmp/dwoo/compile/var/www/vhosts/vpsnet.dev/httpdocs/views/overview/all.tpl.d17.php, line 10]
2010-06-18 16:29:22 Notice: Notice (8): Undefined index:  month in [/var/www/vhosts/vpsnet.dev/httpdocs/tmp/dwoo/compile/var/www/vhosts/vpsnet.dev/httpdocs/views/overview/all.tpl.d17.php, line 10]
2010-06-18 16:29:22 Notice: Notice (8): Undefined index:  year in [/var/www/vhosts/vpsnet.dev/httpdocs/tmp/dwoo/compile/var/www/vhosts/vpsnet.dev/httpdocs/views/overview/all.tpl.d17.php, line 10]
2010-06-18 16:31:41 Notice: Notice (8): Undefined index:  month in [/var/www/vhosts/vpsnet.dev/httpdocs/tmp/dwoo/compile/var/www/vhosts/vpsnet.dev/httpdocs/views/overview/all.tpl.d17.php, line 10]
2010-06-18 16:31:41 Notice: Notice (8): Undefined index:  year in [/var/www/vhosts/vpsnet.dev/httpdocs/tmp/dwoo/compile/var/www/vhosts/vpsnet.dev/httpdocs/views/overview/all.tpl.d17.php, line 10]
2010-06-18 16:34:51 Notice: Notice (8): Undefined index:  year in [/var/www/vhosts/vpsnet.dev/httpdocs/tmp/dwoo/compile/var/www/vhosts/vpsnet.dev/httpdocs/views/overview/all.tpl.d17.php, line 10]
2010-06-18 16:43:54 Notice: Notice (8): Undefined index:  params in [/var/www/vhosts/vpsnet.dev/httpdocs/tmp/dwoo/compile/var/www/vhosts/vpsnet.dev/httpdocs/views/overview/__clever/filters.tpl.d17.php, line 72]
2010-06-18 16:44:01 Notice: Notice (8): Undefined index:  controller in [/var/www/vhosts/vpsnet.dev/httpdocs/tmp/dwoo/compile/var/www/vhosts/vpsnet.dev/httpdocs/views/overview/__clever/filters.tpl.d17.php, line 72]
2010-06-18 16:44:07 Notice: Notice (8): Undefined property:  DwooView::$controller in [/var/www/vhosts/vpsnet.dev/httpdocs/vendors/dwoo/Dwoo.php, line 1217]
2010-06-21 11:18:59 Notice: Notice (8): Undefined index:  name in [/var/www/vhosts/vpsnet.dev/httpdocs/tmp/dwoo/compile/var/www/vhosts/vpsnet.dev/httpdocs/views/settings/index.tpl.d17.php, line 118]
2010-06-21 11:33:35 Notice: Notice (8): Undefined index:  0 in [/var/www/vhosts/vpsnet.dev/httpdocs/tmp/dwoo/compile/var/www/vhosts/vpsnet.dev/httpdocs/views/settings/index.tpl.d17.php, line 120]
2010-06-21 12:40:37 Notice: Notice (8): Undefined index:  UpdatedByUser in [/var/www/vhosts/vpsnet.dev/httpdocs/tmp/dwoo/compile/var/www/vhosts/vpsnet.dev/httpdocs/views/workorders/view.tpl.d17.php, line 113]
2010-06-21 12:41:58 Notice: Notice (8): Undefined index:  UpdatedByUser in [/var/www/vhosts/vpsnet.dev/httpdocs/tmp/dwoo/compile/var/www/vhosts/vpsnet.dev/httpdocs/views/workorders/view.tpl.d17.php, line 113]
2010-06-21 12:52:23 Notice: Notice (8): Undefined index:  data in [/var/www/vhosts/vpsnet.dev/httpdocs/tmp/dwoo/compile/var/www/vhosts/vpsnet.dev/httpdocs/views/workorders/ajax/update_car.tpl.d17.php, line 44]
2010-06-21 13:14:35 Notice: Notice (8): Undefined index:  before in [/var/cake/libs/view/helpers/form.php, line 843]
2010-06-21 13:14:35 Notice: Notice (8): Undefined index:  between in [/var/cake/libs/view/helpers/form.php, line 843]
2010-06-21 13:14:35 Notice: Notice (8): Undefined index:  after in [/var/cake/libs/view/helpers/form.php, line 843]
2010-06-21 13:14:35 Notice: Notice (8): Undefined index:  format in [/var/cake/libs/view/helpers/form.php, line 846]
2010-06-21 13:14:57 Notice: Notice (8): Undefined index:  before in [/var/cake/libs/view/helpers/form.php, line 843]
2010-06-21 13:14:57 Notice: Notice (8): Undefined index:  between in [/var/cake/libs/view/helpers/form.php, line 843]
2010-06-21 13:14:57 Notice: Notice (8): Undefined index:  after in [/var/cake/libs/view/helpers/form.php, line 843]
2010-06-21 13:14:57 Notice: Notice (8): Undefined index:  format in [/var/cake/libs/view/helpers/form.php, line 846]
2010-06-21 13:35:14 Notice: Notice (8): Undefined index:  before in [/var/cake/libs/view/helpers/form.php, line 843]
2010-06-21 13:35:14 Notice: Notice (8): Undefined index:  between in [/var/cake/libs/view/helpers/form.php, line 843]
2010-06-21 13:35:14 Notice: Notice (8): Undefined index:  after in [/var/cake/libs/view/helpers/form.php, line 843]
2010-06-21 13:35:14 Notice: Notice (8): Undefined index:  format in [/var/cake/libs/view/helpers/form.php, line 846]
2010-06-21 13:59:39 Notice: Notice (8): Undefined property:  DepartmentsController::$Department in [/var/www/vhosts/vpsnet.dev/httpdocs/controllers/departments_controller.php, line 11]
2010-06-21 16:45:00 Notice: Notice (8): Undefined index:  id in [/var/www/vhosts/vpsnet.dev/httpdocs/controllers/departments_controller.php, line 21]
2010-06-21 16:45:11 Notice: Notice (8): Undefined index:  id in [/var/www/vhosts/vpsnet.dev/httpdocs/controllers/departments_controller.php, line 21]
2010-06-21 17:21:21 Notice: Notice (8): Undefined property:  OrdertypesController::$Ordertype in [/var/www/vhosts/vpsnet.dev/httpdocs/controllers/ordertypes_controller.php, line 19]
2010-06-23 10:23:55 Notice: Notice (8): Undefined index:  action in [/var/www/vhosts/vpsnet.dev/httpdocs/controllers/workorders_controller.php, line 228]
2010-06-23 11:07:16 Notice: Notice (8): Undefined index:  date_completed in [/var/www/vhosts/vpsnet.dev/httpdocs/tmp/dwoo/compile/var/www/vhosts/vpsnet.dev/httpdocs/views/workorders/ajax/update_car.tpl.d17.php, line 122]
2010-06-23 14:57:12 Notice: Notice (8): Undefined index:  action in [/var/www/vhosts/vpsnet.dev/httpdocs/controllers/workorders_controller.php, line 228]
2010-06-23 14:58:49 Notice: Notice (8): Undefined index:  action in [/var/www/vhosts/vpsnet.dev/httpdocs/controllers/workorders_controller.php, line 228]
2010-06-23 15:02:08 Notice: Notice (8): Undefined index:  action in [/var/www/vhosts/vpsnet.dev/httpdocs/controllers/workorders_controller.php, line 228]
2010-06-23 15:02:11 Notice: Notice (8): Undefined index:  action in [/var/www/vhosts/vpsnet.dev/httpdocs/controllers/workorders_controller.php, line 228]
2010-06-23 15:02:25 Notice: Notice (8): Undefined index:  action in [/var/www/vhosts/vpsnet.dev/httpdocs/controllers/workorders_controller.php, line 228]
2010-06-23 15:03:39 Notice: Notice (8): Undefined index:  action in [/var/www/vhosts/vpsnet.dev/httpdocs/controllers/workorders_controller.php, line 230]
2010-06-23 15:03:47 Notice: Notice (8): Undefined index:  action in [/var/www/vhosts/vpsnet.dev/httpdocs/controllers/workorders_controller.php, line 230]
2010-06-23 15:04:36 Notice: Notice (8): Undefined index:  action in [/var/www/vhosts/vpsnet.dev/httpdocs/controllers/workorders_controller.php, line 230]
2010-06-23 15:37:36 Notice: Notice (8): Undefined index:  0 in [/var/www/vhosts/vpsnet.dev/httpdocs/tmp/dwoo/compile/var/www/vhosts/vpsnet.dev/httpdocs/views/settings/index.tpl.d17.php, line 122]
2010-06-23 17:05:41 Notice: Notice (8): Undefined property:  OverviewController::$AddonsWorkorder in [/var/www/vhosts/vpsnet.dev/httpdocs/controllers/overview_controller.php, line 42]
2010-06-23 17:14:41 Notice: Notice (8): Undefined index:  workorder_id in [/var/www/vhosts/vpsnet.dev/httpdocs/controllers/overview_controller.php, line 70]
2010-06-23 17:18:31 Notice: Notice (8): Undefined index:  cost in [/var/www/vhosts/vpsnet.dev/httpdocs/controllers/overview_controller.php, line 93]
2010-06-23 17:18:31 Notice: Notice (8): Undefined index:  charge in [/var/www/vhosts/vpsnet.dev/httpdocs/controllers/overview_controller.php, line 94]
2010-06-23 17:18:46 Notice: Notice (8): Undefined index:  cost in [/var/www/vhosts/vpsnet.dev/httpdocs/controllers/overview_controller.php, line 93]
2010-06-23 17:18:46 Notice: Notice (8): Undefined index:  charge in [/var/www/vhosts/vpsnet.dev/httpdocs/controllers/overview_controller.php, line 94]
2010-06-24 11:41:00 Notice: Notice (8): Array to string conversion in [/var/cake/libs/model/datasources/dbo_source.php, line 731]
2010-06-24 11:48:33 Notice: Notice (8): Undefined index:  user in [/var/www/vhosts/vpsnet.dev/httpdocs/controllers/users_controller.php, line 34]
2010-06-24 12:34:07 Notice: Notice (8): Undefined index:  ajax in [/var/www/vhosts/vpsnet.dev/httpdocs/tmp/dwoo/compile/var/www/vhosts/vpsnet.dev/httpdocs/views/settings/index.tpl.d17.php, line 109]
2010-06-24 12:35:12 Notice: Notice (8): Undefined property:  DwooView::$Js in [/var/www/vhosts/vpsnet.dev/httpdocs/vendors/dwoo/Dwoo.php, line 1217]
2010-06-24 14:29:10 Notice: Notice (8): Undefined index:  deactivate in [/var/www/vhosts/vpsnet.dev/httpdocs/controllers/settings_controller.php, line 22]
2010-06-24 16:38:38 Notice: Notice (8): Undefined property:  RoleHelper::$ROLE_SUPER in [/var/www/vhosts/vpsnet.dev/httpdocs/vendors/dwoo/Dwoo.php, line 1217]
2010-06-24 16:38:38 Notice: Notice (8): Undefined index:  Role in [/var/www/vhosts/vpsnet.dev/httpdocs/views/helpers/role.php, line 14]
2010-06-24 16:38:56 Notice: Notice (8): Undefined property:  RoleHelper::$ROLE_SUPER in [/var/www/vhosts/vpsnet.dev/httpdocs/vendors/dwoo/Dwoo.php, line 1217]
2010-06-24 16:38:56 Notice: Notice (8): Undefined index:  Role in [/var/www/vhosts/vpsnet.dev/httpdocs/views/helpers/role.php, line 14]
2010-06-24 16:39:35 Notice: Notice (8): Undefined property:  RoleHelper::$ROLE_SUPER in [/var/www/vhosts/vpsnet.dev/httpdocs/vendors/dwoo/Dwoo.php, line 1217]
2010-06-24 16:40:56 Notice: Notice (8): Undefined property:  RoleHelper::$ROLE_SUPER in [/var/www/vhosts/vpsnet.dev/httpdocs/vendors/dwoo/Dwoo.php, line 1217]
2010-06-24 16:41:24 Notice: Notice (8): Undefined property:  RoleHelper::$ROLE_SUPER in [/var/www/vhosts/vpsnet.dev/httpdocs/vendors/dwoo/Dwoo.php, line 1217]
2010-06-24 17:03:48 Notice: Notice (8): Undefined index:  role_id in [/var/www/vhosts/vpsnet.dev/httpdocs/controllers/users_controller.php, line 40]
2010-06-24 17:04:00 Notice: Notice (8): Undefined index:  role_id in [/var/www/vhosts/vpsnet.dev/httpdocs/controllers/users_controller.php, line 40]
2010-06-24 17:06:00 Notice: Notice (8): Undefined index:  role_id in [/var/www/vhosts/vpsnet.dev/httpdocs/controllers/users_controller.php, line 40]
2010-06-24 17:50:42 Notice: Notice (8): Undefined variable: text in [/var/www/vhosts/vpsnet.dev/httpdocs/views/helpers/role.php, line 27]
2010-06-24 17:50:53 Notice: Notice (8): Undefined offset:  5 in [/var/www/vhosts/vpsnet.dev/httpdocs/views/helpers/role.php, line 27]
2010-06-24 17:51:30 Notice: Notice (8): Undefined offset:  5 in [/var/www/vhosts/vpsnet.dev/httpdocs/views/helpers/role.php, line 30]
2010-06-24 17:52:18 Notice: Notice (8): Undefined offset:  5 in [/var/www/vhosts/vpsnet.dev/httpdocs/views/helpers/role.php, line 30]
2010-06-24 17:52:18 Notice: Notice (8): Undefined index:   in [/var/www/vhosts/vpsnet.dev/httpdocs/views/helpers/role.php, line 30]
2010-06-24 17:53:10 Notice: Notice (8): Undefined offset:  5 in [/var/www/vhosts/vpsnet.dev/httpdocs/views/helpers/role.php, line 32]
2010-06-24 17:53:27 Notice: Notice (8): Undefined offset:  5 in [/var/www/vhosts/vpsnet.dev/httpdocs/views/helpers/role.php, line 32]
2010-06-25 10:51:14 Notice: Notice (8): Undefined property:  OverviewController::$Role in [/var/www/vhosts/vpsnet.dev/httpdocs/controllers/overview_controller.php, line 11]
2010-06-25 10:52:13 Notice: Notice (8): Undefined property:  Role::$Session in [/var/www/vhosts/vpsnet.dev/httpdocs/models/role.php, line 45]
2010-06-25 10:52:37 Notice: Notice (8): Undefined property:  Role::$Session in [/var/www/vhosts/vpsnet.dev/httpdocs/models/role.php, line 46]
2010-06-25 10:56:04 Notice: Notice (8): Undefined property:  Role::$Session in [/var/www/vhosts/vpsnet.dev/httpdocs/models/role.php, line 46]
2010-06-25 11:02:09 Notice: Notice (8): Undefined property:  Role::$Session in [/var/www/vhosts/vpsnet.dev/httpdocs/models/role.php, line 46]
2010-06-25 11:02:43 Notice: Notice (8): Undefined variable: _SESSION in [/var/www/vhosts/vpsnet.dev/httpdocs/app_model.php, line 81]
2010-06-25 11:03:22 Notice: Notice (8): Undefined variable: _SESSION in [/var/www/vhosts/vpsnet.dev/httpdocs/app_model.php, line 81]
2010-06-25 11:05:45 Notice: Notice (8): Undefined property:  Role::$Session in [/var/www/vhosts/vpsnet.dev/httpdocs/models/role.php, line 46]
2010-06-25 11:07:06 Notice: Notice (8): Undefined property:  Role::$Session in [/var/www/vhosts/vpsnet.dev/httpdocs/models/role.php, line 46]
2010-06-25 11:07:07 Notice: Notice (8): Undefined property:  Role::$Session in [/var/www/vhosts/vpsnet.dev/httpdocs/models/role.php, line 46]
2010-06-25 11:07:35 Notice: Notice (8): Undefined property:  Role::$Session in [/var/www/vhosts/vpsnet.dev/httpdocs/models/role.php, line 46]
2010-06-25 11:07:41 Notice: Notice (8): Undefined property:  Role::$Session in [/var/www/vhosts/vpsnet.dev/httpdocs/models/role.php, line 46]
2010-06-25 11:07:46 Notice: Notice (8): Undefined property:  Role::$Session in [/var/www/vhosts/vpsnet.dev/httpdocs/models/role.php, line 46]
2010-06-25 11:08:40 Notice: Notice (8): Undefined property:  Role::$Session in [/var/www/vhosts/vpsnet.dev/httpdocs/models/role.php, line 46]
2010-06-25 11:09:46 Notice: Notice (8): Undefined property:  Role::$Session in [/var/www/vhosts/vpsnet.dev/httpdocs/models/role.php, line 46]
2010-06-25 11:10:25 Notice: Notice (8): Undefined property:  Role::$Session in [/var/www/vhosts/vpsnet.dev/httpdocs/models/role.php, line 46]
2010-06-25 11:10:34 Notice: Notice (8): Undefined property:  Role::$Session in [/var/www/vhosts/vpsnet.dev/httpdocs/models/role.php, line 46]
2010-06-25 11:10:35 Notice: Notice (8): Undefined property:  Role::$Session in [/var/www/vhosts/vpsnet.dev/httpdocs/models/role.php, line 46]
2010-06-25 11:10:39 Notice: Notice (8): Undefined property:  Role::$Session in [/var/www/vhosts/vpsnet.dev/httpdocs/models/role.php, line 46]
2010-06-25 11:10:40 Notice: Notice (8): Undefined property:  Role::$Session in [/var/www/vhosts/vpsnet.dev/httpdocs/models/role.php, line 46]
2010-06-25 11:10:40 Notice: Notice (8): Undefined property:  Role::$Session in [/var/www/vhosts/vpsnet.dev/httpdocs/models/role.php, line 46]
2010-06-25 11:10:40 Notice: Notice (8): Undefined property:  Role::$Session in [/var/www/vhosts/vpsnet.dev/httpdocs/models/role.php, line 46]
2010-06-25 11:11:02 Notice: Notice (8): Undefined property:  Role::$Session in [/var/www/vhosts/vpsnet.dev/httpdocs/models/role.php, line 46]
2010-06-25 11:11:55 Notice: Notice (8): Undefined property:  Role::$Session in [/var/www/vhosts/vpsnet.dev/httpdocs/models/role.php, line 46]
2010-06-25 11:12:10 Notice: Notice (8): Undefined property:  Role::$Session in [/var/www/vhosts/vpsnet.dev/httpdocs/models/role.php, line 46]
2010-06-25 11:13:04 Notice: Notice (8): Undefined property:  Role::$Session in [/var/www/vhosts/vpsnet.dev/httpdocs/models/role.php, line 46]
2010-06-25 11:13:05 Notice: Notice (8): Undefined property:  Role::$Session in [/var/www/vhosts/vpsnet.dev/httpdocs/models/role.php, line 46]
2010-06-25 11:13:14 Notice: Notice (8): Undefined property:  Role::$Session in [/var/www/vhosts/vpsnet.dev/httpdocs/models/role.php, line 46]
2010-06-25 11:13:19 Notice: Notice (8): Undefined property:  Role::$Session in [/var/www/vhosts/vpsnet.dev/httpdocs/models/role.php, line 46]
2010-06-25 11:13:20 Notice: Notice (8): Undefined property:  Role::$Session in [/var/www/vhosts/vpsnet.dev/httpdocs/models/role.php, line 46]
2010-06-25 11:13:26 Notice: Notice (8): Undefined property:  Role::$Session in [/var/www/vhosts/vpsnet.dev/httpdocs/models/role.php, line 46]
2010-06-25 11:13:33 Notice: Notice (8): Undefined property:  Role::$Session in [/var/www/vhosts/vpsnet.dev/httpdocs/models/role.php, line 46]
2010-06-25 11:13:34 Notice: Notice (8): Undefined property:  Role::$Session in [/var/www/vhosts/vpsnet.dev/httpdocs/models/role.php, line 46]
2010-06-25 11:13:38 Notice: Notice (8): Undefined property:  Role::$Session in [/var/www/vhosts/vpsnet.dev/httpdocs/models/role.php, line 46]
2010-06-25 11:14:09 Notice: Notice (8): Undefined property:  Role::$Session in [/var/www/vhosts/vpsnet.dev/httpdocs/models/role.php, line 46]
2010-06-25 11:17:21 Notice: Notice (8): Undefined property:  Role::$Session in [/var/www/vhosts/vpsnet.dev/httpdocs/models/role.php, line 46]
2010-06-25 14:46:44 Notice: Notice (8): Undefined index:  date in [/var/www/vhosts/vpsnet.dev/httpdocs/controllers/workorders_controller.php, line 47]
2010-06-25 14:48:03 Notice: Notice (8): Undefined index:  date in [/var/www/vhosts/vpsnet.dev/httpdocs/controllers/workorders_controller.php, line 47]
2010-06-25 14:48:15 Notice: Notice (8): Undefined index:  date in [/var/www/vhosts/vpsnet.dev/httpdocs/controllers/workorders_controller.php, line 47]
2010-06-25 14:49:19 Notice: Notice (8): Undefined index:  date in [/var/www/vhosts/vpsnet.dev/httpdocs/controllers/workorders_controller.php, line 47]
2010-06-25 14:50:26 Notice: Notice (8): Undefined index:  date in [/var/www/vhosts/vpsnet.dev/httpdocs/controllers/workorders_controller.php, line 47]
2010-06-25 14:50:48 Notice: Notice (8): Undefined index:  date in [/var/www/vhosts/vpsnet.dev/httpdocs/controllers/workorders_controller.php, line 47]
2010-06-25 14:51:46 Notice: Notice (8): Undefined index:  date in [/var/www/vhosts/vpsnet.dev/httpdocs/controllers/workorders_controller.php, line 47]
2010-06-25 16:14:20 Notice: Notice (8): Undefined index:  Workorder in [/var/www/vhosts/vpsnet.dev/httpdocs/controllers/workorders_controller.php, line 192]
2010-06-25 16:14:20 Notice: Notice (8): Undefined offset:  2 in [/var/www/vhosts/vpsnet.dev/httpdocs/controllers/workorders_controller.php, line 194]
2010-06-25 16:14:20 Notice: Notice (8): Undefined offset:  1 in [/var/www/vhosts/vpsnet.dev/httpdocs/controllers/workorders_controller.php, line 194]
2010-06-25 16:14:20 Notice: Notice (8): Undefined index:  datetime_required_to in [/var/www/vhosts/vpsnet.dev/httpdocs/controllers/workorders_controller.php, line 196]
2010-06-25 16:14:20 Notice: Notice (8): Undefined offset:  2 in [/var/www/vhosts/vpsnet.dev/httpdocs/controllers/workorders_controller.php, line 198]
2010-06-25 16:14:20 Notice: Notice (8): Undefined offset:  1 in [/var/www/vhosts/vpsnet.dev/httpdocs/controllers/workorders_controller.php, line 198]
2010-06-25 16:15:03 Notice: Notice (8): Undefined offset:  2 in [/var/www/vhosts/vpsnet.dev/httpdocs/controllers/workorders_controller.php, line 194]
2010-06-25 16:15:03 Notice: Notice (8): Undefined offset:  1 in [/var/www/vhosts/vpsnet.dev/httpdocs/controllers/workorders_controller.php, line 194]
2010-06-25 16:15:03 Notice: Notice (8): Undefined offset:  2 in [/var/www/vhosts/vpsnet.dev/httpdocs/controllers/workorders_controller.php, line 198]
2010-06-25 16:15:03 Notice: Notice (8): Undefined offset:  1 in [/var/www/vhosts/vpsnet.dev/httpdocs/controllers/workorders_controller.php, line 198]
2010-06-25 16:15:48 Notice: Notice (8): Undefined variable: count in [/var/www/vhosts/vpsnet.dev/httpdocs/controllers/workorders_controller.php, line 194]
2010-06-25 16:49:09 Notice: Notice (8): Uninitialized string offset:  0 in [/var/cake/libs/view/helper.php, line 843]
2010-06-25 17:14:35 Notice: Notice (8): Undefined index:  Department in [/var/www/vhosts/vpsnet.dev/httpdocs/tmp/dwoo/compile/var/www/vhosts/vpsnet.dev/httpdocs/views/workorders/index.tpl.d17.php, line 41]
2010-06-25 17:14:35 Notice: Notice (8): Undefined index:  AuthorisedByUser in [/var/www/vhosts/vpsnet.dev/httpdocs/tmp/dwoo/compile/var/www/vhosts/vpsnet.dev/httpdocs/views/workorders/index.tpl.d17.php, line 42]
2010-06-25 17:14:35 Notice: Notice (8): Undefined index:  Car in [/var/www/vhosts/vpsnet.dev/httpdocs/tmp/dwoo/compile/var/www/vhosts/vpsnet.dev/httpdocs/views/workorders/index.tpl.d17.php, line 115]
2010-06-25 17:14:35 Notice: Notice (8): Undefined index:  Car in [/var/www/vhosts/vpsnet.dev/httpdocs/tmp/dwoo/compile/var/www/vhosts/vpsnet.dev/httpdocs/views/workorders/index.tpl.d17.php, line 117]
2010-06-25 17:14:35 Notice: Notice (8): Undefined index:  Car in [/var/www/vhosts/vpsnet.dev/httpdocs/tmp/dwoo/compile/var/www/vhosts/vpsnet.dev/httpdocs/views/workorders/index.tpl.d17.php, line 118]
2010-06-25 17:14:35 Notice: Notice (8): Undefined index:  Status in [/var/www/vhosts/vpsnet.dev/httpdocs/tmp/dwoo/compile/var/www/vhosts/vpsnet.dev/httpdocs/views/workorders/index.tpl.d17.php, line 122]
2010-06-25 17:15:22 Notice: Notice (8): Undefined index:  AuthorisedByUser in [/var/www/vhosts/vpsnet.dev/httpdocs/tmp/dwoo/compile/var/www/vhosts/vpsnet.dev/httpdocs/views/workorders/index.tpl.d17.php, line 42]
2010-06-28 09:27:18 Notice: Notice (8): Undefined variable: statuses in [/var/www/vhosts/vpsnet.dev/httpdocs/controllers/workorders_controller.php, line 33]
2010-06-28 09:34:15 Notice: Notice (8): Undefined variable: date in [/var/www/vhosts/vpsnet.dev/httpdocs/controllers/overview_controller.php, line 260]
2010-06-28 09:34:16 Notice: Notice (8): Undefined index:  month in [/var/www/vhosts/vpsnet.dev/httpdocs/tmp/dwoo/compile/var/www/vhosts/vpsnet.dev/httpdocs/views/overview/all.tpl.d17.php, line 10]
2010-06-28 09:34:16 Notice: Notice (8): Undefined index:  day in [/var/www/vhosts/vpsnet.dev/httpdocs/tmp/dwoo/compile/var/www/vhosts/vpsnet.dev/httpdocs/views/overview/all.tpl.d17.php, line 10]
2010-06-28 09:35:25 Notice: Notice (8): Undefined variable: date in [/var/www/vhosts/vpsnet.dev/httpdocs/controllers/overview_controller.php, line 260]
2010-06-28 09:35:25 Notice: Notice (8): Undefined index:  month in [/var/www/vhosts/vpsnet.dev/httpdocs/tmp/dwoo/compile/var/www/vhosts/vpsnet.dev/httpdocs/views/overview/all.tpl.d17.php, line 10]
2010-06-28 09:35:25 Notice: Notice (8): Undefined index:  day in [/var/www/vhosts/vpsnet.dev/httpdocs/tmp/dwoo/compile/var/www/vhosts/vpsnet.dev/httpdocs/views/overview/all.tpl.d17.php, line 10]
2010-06-28 09:36:35 Notice: Notice (8): Undefined variable: date in [/var/www/vhosts/vpsnet.dev/httpdocs/controllers/overview_controller.php, line 260]
2010-06-28 09:36:35 Notice: Notice (8): Undefined index:  month in [/var/www/vhosts/vpsnet.dev/httpdocs/tmp/dwoo/compile/var/www/vhosts/vpsnet.dev/httpdocs/views/overview/all.tpl.d17.php, line 10]
2010-06-28 09:36:35 Notice: Notice (8): Undefined index:  day in [/var/www/vhosts/vpsnet.dev/httpdocs/tmp/dwoo/compile/var/www/vhosts/vpsnet.dev/httpdocs/views/overview/all.tpl.d17.php, line 10]
2010-06-28 09:43:03 Notice: Notice (8): Undefined offset:  1 in [/var/www/vhosts/vpsnet.dev/httpdocs/controllers/overview_controller.php, line 252]
2010-06-28 09:43:03 Notice: Notice (8): Undefined offset:  2 in [/var/www/vhosts/vpsnet.dev/httpdocs/controllers/overview_controller.php, line 253]
2010-07-19 13:53:08 Notice: Notice (8): Undefined variable: m in [/var/www/vhosts/vpsnet.dev/httpdocs/controllers/overview_controller.php, line 165]
2010-07-19 13:53:08 Notice: Notice (8): Undefined variable: y in [/var/www/vhosts/vpsnet.dev/httpdocs/controllers/overview_controller.php, line 166]
2010-07-19 13:53:08 Notice: Notice (8): Undefined variable: m in [/var/www/vhosts/vpsnet.dev/httpdocs/controllers/overview_controller.php, line 214]
2010-07-19 13:53:08 Notice: Notice (8): Undefined variable: y in [/var/www/vhosts/vpsnet.dev/httpdocs/controllers/overview_controller.php, line 215]
2010-07-30 12:21:47 Notice: Notice (8): Undefined index:  AssignedToUser in [/var/www/vhosts/vpsnet.dev/httpdocs/controllers/workorders_controller.php, line 73]
2010-07-30 12:23:30 Notice: Notice (8): Undefined index:  AssignedToUser in [/var/www/vhosts/vpsnet.dev/httpdocs/controllers/workorders_controller.php, line 73]
2010-07-30 12:34:04 Notice: Notice (8): Undefined index:  host in [/var/www/vhosts/vpsnet.dev/httpdocs/controllers/users_controller.php, line 19]
2010-07-30 12:34:23 Notice: Notice (8): Undefined index:  host in [/var/www/vhosts/vpsnet.dev/httpdocs/controllers/users_controller.php, line 21]
2010-08-02 09:41:32 Notice: Notice (8): Undefined offset:  0 in [/var/www/vhosts/vpsnet.dev/httpdocs/controllers/workorders_controller.php, line 374]
2010-08-02 16:20:19 Notice: Notice (8): Undefined variable: users in [/var/www/vhosts/vpsnet.dev/httpdocs/controllers/users_controller.php, line 26]
2010-08-02 16:20:19 Notice: Notice (8): Undefined variable: tmpUsers in [/var/www/vhosts/vpsnet.dev/httpdocs/controllers/users_controller.php, line 30]
2010-08-02 16:20:22 Notice: Notice (8): Undefined variable: users in [/var/www/vhosts/vpsnet.dev/httpdocs/controllers/users_controller.php, line 26]
2010-08-02 16:20:22 Notice: Notice (8): Undefined variable: tmpUsers in [/var/www/vhosts/vpsnet.dev/httpdocs/controllers/users_controller.php, line 30]
2010-08-16 11:12:45 Notice: Notice (8): Undefined variable: vusers in [/var/www/vhosts/vpsnet.dev/httpdocs/controllers/workorders_controller.php, line 82]
2010-08-20 12:05:27 Notice: Notice (8): Undefined index:  status_id in [/var/www/vhosts/vpsnet.dev/httpdocs/controllers/workorders_controller.php, line 406]
2010-08-22 11:23:24 Notice: Notice (8): Undefined index:  role_id in [/var/www/vhosts/vpsnet.dev/httpdocs/controllers/users_controller.php, line 51]
2010-08-23 09:38:55 Notice: Notice (8): Undefined index:  year in [/var/www/vhosts/vpsnet.dev/httpdocs/tmp/dwoo/compile/var/www/vhosts/vpsnet.dev/httpdocs/views/overview/all.tpl.d17.php, line 12]
2010-08-23 09:39:46 Notice: Notice (8): Undefined offset:  3 in [/var/www/vhosts/vpsnet.dev/httpdocs/controllers/overview_controller.php, line 369]
2010-08-23 09:39:51 Notice: Notice (8): Undefined offset:  3 in [/var/www/vhosts/vpsnet.dev/httpdocs/controllers/overview_controller.php, line 369]
2010-08-23 09:42:34 Notice: Notice (8): Undefined index:  year in [/var/www/vhosts/vpsnet.dev/httpdocs/tmp/dwoo/compile/var/www/vhosts/vpsnet.dev/httpdocs/views/overview/all.tpl.d17.php, line 12]
2010-08-23 09:43:01 Notice: Notice (8): Undefined index:  year in [/var/www/vhosts/vpsnet.dev/httpdocs/tmp/dwoo/compile/var/www/vhosts/vpsnet.dev/httpdocs/views/overview/all.tpl.d17.php, line 12]
2010-08-23 09:43:07 Notice: Notice (8): Undefined index:  year in [/var/www/vhosts/vpsnet.dev/httpdocs/tmp/dwoo/compile/var/www/vhosts/vpsnet.dev/httpdocs/views/overview/all.tpl.d17.php, line 12]
