2010-05-26 15:36:52 Warning: Warning (512): Method UserHelper::getLocation does not exist in [/var/cake/libs/view/helper.php, line 154]
2010-05-26 15:36:53 Warning: Warning (512): Method UserHelper::getLocation does not exist in [/var/cake/libs/view/helper.php, line 154]
2010-05-28 17:12:50 Warning: Warning (512): <span style="color:Red;text-align:left"><b>SQL Error:</b> 1064: You have an error in your SQL syntax; check the manual that corresponds to your MySQL server version for the right syntax to use near 'DISTINCT `Makemodel`.`Make` FROM `makemodels` AS `Makemodel`   WHERE 1 = 1' at line 1</span> in [/var/cake/libs/model/datasources/dbo_source.php, line 666]
2010-06-02 10:48:48 Warning: Warning (512): Dwoo error (in /var/www/vhosts/vpsnet.dev/httpdocs/views/workorders/add.tpl) : Include : Resource "file:clever/calendar" not found. in [/var/www/vhosts/vpsnet.dev/httpdocs/vendors/dwoo/Dwoo.php, line 926]
2010-06-02 10:49:33 Warning: Warning (512): Dwoo error (in /var/www/vhosts/vpsnet.dev/httpdocs/views/workorders/add.tpl) : Include : Resource "file:clever/calendar.tpl" not found. in [/var/www/vhosts/vpsnet.dev/httpdocs/vendors/dwoo/Dwoo.php, line 926]
2010-06-07 17:32:57 Warning: Warning (512): <span style="color:Red;text-align:left"><b>SQL Error:</b> 1054: Unknown column 'Car.makes' in 'where clause'</span> in [/var/cake/libs/model/datasources/dbo_source.php, line 666]
2010-06-07 17:33:04 Warning: Warning (512): <span style="color:Red;text-align:left"><b>SQL Error:</b> 1054: Unknown column 'Car.makes' in 'where clause'</span> in [/var/cake/libs/model/datasources/dbo_source.php, line 666]
2010-06-07 17:33:06 Warning: Warning (512): <span style="color:Red;text-align:left"><b>SQL Error:</b> 1054: Unknown column 'Car.makes' in 'where clause'</span> in [/var/cake/libs/model/datasources/dbo_source.php, line 666]
2010-06-08 11:18:56 Warning: Warning (512): Dwoo error (in /var/www/vhosts/vpsnet.dev/httpdocs/views/workorders/update_car_reg.tpl) : Include : Resource "file:update_car" not found. in [/var/www/vhosts/vpsnet.dev/httpdocs/vendors/dwoo/Dwoo.php, line 926]
2010-06-08 11:47:15 Warning: Warning (512): <span style="color:Red;text-align:left"><b>SQL Error:</b> 1054: Unknown column 'Array' in 'field list'</span> in [/var/cake/libs/model/datasources/dbo_source.php, line 666]
2010-06-08 11:49:26 Warning: Warning (512): <span style="color:Red;text-align:left"><b>SQL Error:</b> 1452: Cannot add or update a child row: a foreign key constraint fails (`vpsnet/workorders`, CONSTRAINT `fk_workorders_addons_workorders1` FOREIGN KEY (`id`) REFERENCES `addons_workorders` (`workorder_id`) ON DELETE NO ACTION ON UPDATE NO ACTION)</span> in [/var/cake/libs/model/datasources/dbo_source.php, line 666]
2010-06-08 12:00:52 Warning: Warning (512): <span style="color:Red;text-align:left"><b>SQL Error:</b> 1048: Column 'makemodel_id' cannot be null</span> in [/var/cake/libs/model/datasources/dbo_source.php, line 666]
2010-06-08 12:00:52 Warning: Warning (512): <span style="color:Red;text-align:left"><b>SQL Error:</b> 1048: Column 'car_id' cannot be null</span> in [/var/cake/libs/model/datasources/dbo_source.php, line 666]
2010-06-08 12:02:58 Warning: Warning (512): <span style="color:Red;text-align:left"><b>SQL Error:</b> 1048: Column 'makemodel_id' cannot be null</span> in [/var/cake/libs/model/datasources/dbo_source.php, line 666]
2010-06-08 12:02:58 Warning: Warning (512): <span style="color:Red;text-align:left"><b>SQL Error:</b> 1048: Column 'car_id' cannot be null</span> in [/var/cake/libs/model/datasources/dbo_source.php, line 666]
2010-06-08 12:34:01 Warning: Warning (512): <span style="color:Red;text-align:left"><b>SQL Error:</b> 1054: Unknown column 'Workorder.location_id' in 'where clause'</span> in [/var/cake/libs/model/datasources/dbo_source.php, line 666]
2010-06-08 14:26:09 Warning: Warning (512): <span style="color:Red;text-align:left"><b>SQL Error:</b> 1064: You have an error in your SQL syntax; check the manual that corresponds to your MySQL server version for the right syntax to use near '' at line 4</span> in [/var/cake/libs/model/datasources/dbo_source.php, line 666]
2010-06-08 14:28:41 Warning: Warning (512): <span style="color:Red;text-align:left"><b>SQL Error:</b> 1064: You have an error in your SQL syntax; check the manual that corresponds to your MySQL server version for the right syntax to use near 'DISTINCT `Makemodel`.`Make`
			FROM `makemodels` AS `Makemodel`
			WHERE `Makemo' at line 1</span> in [/var/cake/libs/model/datasources/dbo_source.php, line 666]
2010-06-08 14:37:27 Warning: Warning (512): <span style="color:Red;text-align:left"><b>SQL Error:</b> 1064: You have an error in your SQL syntax; check the manual that corresponds to your MySQL server version for the right syntax to use near 'ROMEO
			AND `Makemodel`.`Type` =' at line 3</span> in [/var/cake/libs/model/datasources/dbo_source.php, line 666]
2010-06-08 15:14:16 Warning: Warning (512): Method LocationHelper::getJobsCountToday does not exist in [/var/cake/libs/view/helper.php, line 154]
2010-06-08 15:14:16 Warning: Warning (512): Method LocationHelper::getJobsCountTomorrow does not exist in [/var/cake/libs/view/helper.php, line 154]
2010-06-08 15:17:06 Warning: Warning (2): Invalid argument supplied for foreach() in [/var/www/vhosts/vpsnet.dev/httpdocs/views/helpers/location.php, line 8]
2010-06-08 15:19:56 Warning: Warning (512): <span style="color:Red;text-align:left"><b>SQL Error:</b> 1054: Unknown column 'Location.id' in 'where clause'</span> in [/var/cake/libs/model/datasources/dbo_source.php, line 666]
2010-06-08 15:28:28 Warning: Warning (512): <span style="color:Red;text-align:left"><b>SQL Error:</b> 1054: Unknown column 'date_required' in 'where clause'</span> in [/var/cake/libs/model/datasources/dbo_source.php, line 666]
2010-06-08 15:28:50 Warning: Warning (512): <span style="color:Red;text-align:left"><b>SQL Error:</b> 1054: Unknown column 'date_required' in 'where clause'</span> in [/var/cake/libs/model/datasources/dbo_source.php, line 666]
2010-06-08 15:28:55 Warning: Warning (512): <span style="color:Red;text-align:left"><b>SQL Error:</b> 1054: Unknown column 'date_required' in 'where clause'</span> in [/var/cake/libs/model/datasources/dbo_source.php, line 666]
2010-06-08 15:41:45 Warning: Warning (512): <span style="color:Red;text-align:left"><b>SQL Error:</b> 1054: Unknown column 'timediff' in 'where clause'</span> in [/var/cake/libs/model/datasources/dbo_source.php, line 666]
2010-06-08 15:41:54 Warning: Warning (512): <span style="color:Red;text-align:left"><b>SQL Error:</b> 1054: Unknown column 'timediff' in 'where clause'</span> in [/var/cake/libs/model/datasources/dbo_source.php, line 666]
2010-06-08 15:42:08 Warning: Warning (512): <span style="color:Red;text-align:left"><b>SQL Error:</b> 1054: Unknown column 'timediff' in 'where clause'</span> in [/var/cake/libs/model/datasources/dbo_source.php, line 666]
2010-06-08 15:42:26 Warning: Warning (512): <span style="color:Red;text-align:left"><b>SQL Error:</b> 1054: Unknown column 'vtimediff' in 'where clause'</span> in [/var/cake/libs/model/datasources/dbo_source.php, line 666]
2010-06-08 15:42:40 Warning: Warning (512): <span style="color:Red;text-align:left"><b>SQL Error:</b> 1054: Unknown column 'robstimediff' in 'where clause'</span> in [/var/cake/libs/model/datasources/dbo_source.php, line 666]
2010-06-08 15:43:26 Warning: Warning (512): <span style="color:Red;text-align:left"><b>SQL Error:</b> 1054: Unknown column 'robstimediff' in 'where clause'</span> in [/var/cake/libs/model/datasources/dbo_source.php, line 666]
2010-06-08 15:43:48 Warning: Warning (512): <span style="color:Red;text-align:left"><b>SQL Error:</b> 1054: Unknown column 'robstimediff' in 'where clause'</span> in [/var/cake/libs/model/datasources/dbo_source.php, line 666]
2010-06-08 15:47:36 Warning: Warning (2): Invalid argument supplied for foreach() in [/var/www/vhosts/vpsnet.dev/httpdocs/app_helper.php, line 37]
2010-06-08 15:47:37 Warning: Warning (2): Invalid argument supplied for foreach() in [/var/www/vhosts/vpsnet.dev/httpdocs/app_helper.php, line 37]
2010-06-09 11:37:08 Warning: Warning (2): array_merge() [<a href='http://php.net/function.array-merge'>function.array-merge</a>]: Argument #1 is not an array in [/var/www/vhosts/vpsnet.dev/httpdocs/controllers/workorders_controller.php, line 15]
2010-06-09 11:38:09 Warning: Warning (512): <span style="color:Red;text-align:left"><b>SQL Error:</b> 1052: Column 'created' in order clause is ambiguous</span> in [/var/cake/libs/model/datasources/dbo_source.php, line 666]
2010-06-09 11:38:09 Warning: Warning (2): Invalid argument supplied for foreach() in [/var/www/vhosts/vpsnet.dev/httpdocs/controllers/workorders_controller.php, line 14]
2010-06-09 13:58:20 Warning: Warning (512): You can not write to a Session from the view in [/var/cake/libs/view/helpers/session.php, line 184]
2010-06-09 13:58:25 Warning: Warning (512): You can not write to a Session from the view in [/var/cake/libs/view/helpers/session.php, line 184]
2010-06-10 14:47:05 Warning: Warning (512): <span style="color:Red;text-align:left"><b>SQL Error:</b> 1054: Unknown column 'Ordertype.name' in 'order clause'</span> in [/var/cake/libs/model/datasources/dbo_source.php, line 666]
2010-06-10 14:47:05 Warning: Warning (2): Invalid argument supplied for foreach() in [/var/www/vhosts/vpsnet.dev/httpdocs/controllers/workorders_controller.php, line 25]
2010-06-14 17:11:30 Warning: Warning (2): preg_match() expects parameter 2 to be string, array given in [/var/www/vhosts/vpsnet.dev/httpdocs/vendors/dwoo/plugins/builtin/functions/date_format.php, line 25]
2010-06-14 17:11:30 Warning: Warning (2): strftime() expects parameter 2 to be long, array given in [/var/www/vhosts/vpsnet.dev/httpdocs/vendors/dwoo/plugins/builtin/functions/date_format.php, line 53]
2010-06-14 17:11:51 Warning: Warning (2): preg_match() expects parameter 2 to be string, array given in [/var/www/vhosts/vpsnet.dev/httpdocs/vendors/dwoo/plugins/builtin/functions/date_format.php, line 25]
2010-06-14 17:11:51 Warning: Warning (2): strftime() expects parameter 2 to be long, array given in [/var/www/vhosts/vpsnet.dev/httpdocs/vendors/dwoo/plugins/builtin/functions/date_format.php, line 53]
2010-06-14 17:11:57 Warning: Warning (2): preg_match() expects parameter 2 to be string, array given in [/var/www/vhosts/vpsnet.dev/httpdocs/vendors/dwoo/plugins/builtin/functions/date_format.php, line 25]
2010-06-14 17:11:57 Warning: Warning (2): strftime() expects parameter 2 to be long, array given in [/var/www/vhosts/vpsnet.dev/httpdocs/vendors/dwoo/plugins/builtin/functions/date_format.php, line 53]
2010-06-14 17:17:28 Warning: Warning (2): preg_match() expects parameter 2 to be string, array given in [/var/www/vhosts/vpsnet.dev/httpdocs/vendors/dwoo/plugins/builtin/functions/date_format.php, line 25]
2010-06-14 17:17:28 Warning: Warning (2): strftime() expects parameter 2 to be long, array given in [/var/www/vhosts/vpsnet.dev/httpdocs/vendors/dwoo/plugins/builtin/functions/date_format.php, line 53]
2010-06-14 17:17:35 Warning: Warning (2): preg_match() expects parameter 2 to be string, array given in [/var/www/vhosts/vpsnet.dev/httpdocs/vendors/dwoo/plugins/builtin/functions/date_format.php, line 25]
2010-06-14 17:17:35 Warning: Warning (2): strftime() expects parameter 2 to be long, array given in [/var/www/vhosts/vpsnet.dev/httpdocs/vendors/dwoo/plugins/builtin/functions/date_format.php, line 53]
2010-06-14 17:17:43 Warning: Warning (2): preg_match() expects parameter 2 to be string, array given in [/var/www/vhosts/vpsnet.dev/httpdocs/vendors/dwoo/plugins/builtin/functions/date_format.php, line 25]
2010-06-14 17:17:43 Warning: Warning (2): strftime() expects parameter 2 to be long, array given in [/var/www/vhosts/vpsnet.dev/httpdocs/vendors/dwoo/plugins/builtin/functions/date_format.php, line 53]
2010-06-14 17:17:47 Warning: Warning (2): preg_match() expects parameter 2 to be string, array given in [/var/www/vhosts/vpsnet.dev/httpdocs/vendors/dwoo/plugins/builtin/functions/date_format.php, line 25]
2010-06-14 17:17:47 Warning: Warning (2): strftime() expects parameter 2 to be long, array given in [/var/www/vhosts/vpsnet.dev/httpdocs/vendors/dwoo/plugins/builtin/functions/date_format.php, line 53]
2010-06-14 17:35:19 Warning: Warning (2): preg_match() expects parameter 2 to be string, array given in [/var/www/vhosts/vpsnet.dev/httpdocs/vendors/dwoo/plugins/builtin/functions/date_format.php, line 25]
2010-06-14 17:35:19 Warning: Warning (2): strftime() expects parameter 2 to be long, array given in [/var/www/vhosts/vpsnet.dev/httpdocs/vendors/dwoo/plugins/builtin/functions/date_format.php, line 53]
2010-06-14 17:35:31 Warning: Warning (2): preg_match() expects parameter 2 to be string, array given in [/var/www/vhosts/vpsnet.dev/httpdocs/vendors/dwoo/plugins/builtin/functions/date_format.php, line 25]
2010-06-14 17:35:31 Warning: Warning (2): strftime() expects parameter 2 to be long, array given in [/var/www/vhosts/vpsnet.dev/httpdocs/vendors/dwoo/plugins/builtin/functions/date_format.php, line 53]
2010-06-14 17:36:09 Warning: Warning (2): preg_match() expects parameter 2 to be string, array given in [/var/www/vhosts/vpsnet.dev/httpdocs/vendors/dwoo/plugins/builtin/functions/date_format.php, line 25]
2010-06-14 17:36:09 Warning: Warning (2): strftime() expects parameter 2 to be long, array given in [/var/www/vhosts/vpsnet.dev/httpdocs/vendors/dwoo/plugins/builtin/functions/date_format.php, line 53]
2010-06-14 17:40:38 Warning: Warning (2): setlocale() [<a href='http://php.net/function.setlocale'>function.setlocale</a>]: Passing locale category name as string is deprecated. Use the LC_* -constants instead. in [/var/www/vhosts/vpsnet.dev/httpdocs/tmp/dwoo/compile/var/www/vhosts/vpsnet.dev/httpdocs/views/workorders/__clever/__clever/calendar.tpl.d17.php, line 6]
2010-06-14 17:42:38 Warning: Warning (2): setlocale() [<a href='http://php.net/function.setlocale'>function.setlocale</a>]: Passing locale category name as string is deprecated. Use the LC_* -constants instead. in [/var/www/vhosts/vpsnet.dev/httpdocs/tmp/dwoo/compile/var/www/vhosts/vpsnet.dev/httpdocs/views/workorders/__clever/__clever/calendar.tpl.d17.php, line 6]
2010-06-14 17:42:51 Warning: Warning (2): setlocale() [<a href='http://php.net/function.setlocale'>function.setlocale</a>]: Passing locale category name as string is deprecated. Use the LC_* -constants instead. in [/var/www/vhosts/vpsnet.dev/httpdocs/tmp/dwoo/compile/var/www/vhosts/vpsnet.dev/httpdocs/views/workorders/__clever/__clever/calendar.tpl.d17.php, line 6]
2010-06-14 17:47:49 Warning: Warning (2): strftime() expects parameter 2 to be long, string given in [/var/www/vhosts/vpsnet.dev/httpdocs/controllers/workorders_controller.php, line 158]
2010-06-14 17:47:49 Warning: Warning (2): strftime() expects parameter 2 to be long, string given in [/var/www/vhosts/vpsnet.dev/httpdocs/controllers/workorders_controller.php, line 159]
2010-06-16 16:55:28 Warning: Warning (2): Invalid argument supplied for foreach() in [/var/www/vhosts/vpsnet.dev/httpdocs/controllers/overview_controller.php, line 44]
2010-06-17 16:07:12 Warning: Warning (512): <span style="color:Red;text-align:left"><b>SQL Error:</b> 1452: Cannot add or update a child row: a foreign key constraint fails (`vpsnet/cars`, CONSTRAINT `fk_cars_makemodels1` FOREIGN KEY (`makemodel_id`) REFERENCES `makemodels` (`id`) ON DELETE NO ACTION ON UPDATE NO ACTION)</span> in [/var/cake/libs/model/datasources/dbo_source.php, line 666]
2010-06-17 16:08:06 Warning: Warning (2): Missing argument 1 for WorkordersController::saveWorkorder(), called in /var/www/vhosts/vpsnet.dev/httpdocs/controllers/workorders_controller.php on line 57 and defined in [/var/www/vhosts/vpsnet.dev/httpdocs/controllers/workorders_controller.php, line 71]
2010-06-17 16:09:59 Warning: Warning (2): Missing argument 1 for WorkordersController::saveWorkorder(), called in /var/www/vhosts/vpsnet.dev/httpdocs/controllers/workorders_controller.php on line 57 and defined in [/var/www/vhosts/vpsnet.dev/httpdocs/controllers/workorders_controller.php, line 71]
2010-06-17 16:10:44 Warning: Warning (2): Missing argument 1 for WorkordersController::saveWorkorder(), called in /var/www/vhosts/vpsnet.dev/httpdocs/controllers/workorders_controller.php on line 57 and defined in [/var/www/vhosts/vpsnet.dev/httpdocs/controllers/workorders_controller.php, line 71]
2010-06-17 16:11:42 Warning: Warning (2): Missing argument 1 for WorkordersController::saveWorkorder(), called in /var/www/vhosts/vpsnet.dev/httpdocs/controllers/workorders_controller.php on line 57 and defined in [/var/www/vhosts/vpsnet.dev/httpdocs/controllers/workorders_controller.php, line 71]
2010-06-17 16:12:01 Warning: Warning (512): <span style="color:Red;text-align:left"><b>SQL Error:</b> 1452: Cannot add or update a child row: a foreign key constraint fails (`vpsnet/cars`, CONSTRAINT `fk_cars_makemodels1` FOREIGN KEY (`makemodel_id`) REFERENCES `makemodels` (`id`) ON DELETE NO ACTION ON UPDATE NO ACTION)</span> in [/var/cake/libs/model/datasources/dbo_source.php, line 666]
2010-06-17 16:19:29 Warning: Warning (512): <span style="color:Red;text-align:left"><b>SQL Error:</b> 1452: Cannot add or update a child row: a foreign key constraint fails (`vpsnet/cars`, CONSTRAINT `fk_cars_makemodels1` FOREIGN KEY (`makemodel_id`) REFERENCES `makemodels` (`id`) ON DELETE NO ACTION ON UPDATE NO ACTION)</span> in [/var/cake/libs/model/datasources/dbo_source.php, line 666]
2010-06-17 16:21:20 Warning: Warning (512): <span style="color:Red;text-align:left"><b>SQL Error:</b> 1452: Cannot add or update a child row: a foreign key constraint fails (`vpsnet/cars`, CONSTRAINT `fk_cars_makemodels1` FOREIGN KEY (`makemodel_id`) REFERENCES `makemodels` (`id`) ON DELETE NO ACTION ON UPDATE NO ACTION)</span> in [/var/cake/libs/model/datasources/dbo_source.php, line 666]
2010-06-17 16:36:35 Warning: Warning (2): Missing argument 1 for WorkordersController::saveWorkorder(), called in /var/www/vhosts/vpsnet.dev/httpdocs/controllers/workorders_controller.php on line 57 and defined in [/var/www/vhosts/vpsnet.dev/httpdocs/controllers/workorders_controller.php, line 71]
2010-06-17 16:40:08 Warning: Warning (2): Missing argument 1 for WorkordersController::saveWorkorder(), called in /var/www/vhosts/vpsnet.dev/httpdocs/controllers/workorders_controller.php on line 57 and defined in [/var/www/vhosts/vpsnet.dev/httpdocs/controllers/workorders_controller.php, line 71]
2010-06-17 17:05:00 Warning: Warning (2): Missing argument 1 for WorkordersController::saveWorkorder(), called in /var/www/vhosts/vpsnet.dev/httpdocs/controllers/workorders_controller.php on line 57 and defined in [/var/www/vhosts/vpsnet.dev/httpdocs/controllers/workorders_controller.php, line 63]
2010-06-17 17:31:08 Warning: Warning (2): Missing argument 1 for WorkordersController::saveWorkorder(), called in /var/www/vhosts/vpsnet.dev/httpdocs/controllers/workorders_controller.php on line 55 and defined in [/var/www/vhosts/vpsnet.dev/httpdocs/controllers/workorders_controller.php, line 61]
2010-06-17 17:31:09 Warning: Warning (2): array_merge() [<a href='http://php.net/function.array-merge'>function.array-merge</a>]: Argument #2 is not an array in [/var/www/vhosts/vpsnet.dev/httpdocs/controllers/workorders_controller.php, line 47]
2010-06-17 17:37:09 Warning: Warning (2): array_merge() [<a href='http://php.net/function.array-merge'>function.array-merge</a>]: Argument #2 is not an array in [/var/www/vhosts/vpsnet.dev/httpdocs/controllers/workorders_controller.php, line 144]
2010-06-17 17:38:15 Warning: Warning (2): Missing argument 1 for WorkordersController::saveWorkorder(), called in /var/www/vhosts/vpsnet.dev/httpdocs/controllers/workorders_controller.php on line 51 and defined in [/var/www/vhosts/vpsnet.dev/httpdocs/controllers/workorders_controller.php, line 57]
2010-06-17 17:46:18 Warning: Warning (2): Missing argument 1 for WorkordersController::saveWorkorder(), called in /var/www/vhosts/vpsnet.dev/httpdocs/controllers/workorders_controller.php on line 51 and defined in [/var/www/vhosts/vpsnet.dev/httpdocs/controllers/workorders_controller.php, line 57]
2010-06-18 10:52:45 Warning: Warning (2): Missing argument 1 for WorkordersController::saveWorkorder(), called in /var/www/vhosts/vpsnet.dev/httpdocs/controllers/workorders_controller.php on line 54 and defined in [/var/www/vhosts/vpsnet.dev/httpdocs/controllers/workorders_controller.php, line 60]
2010-06-18 14:11:25 Warning: Warning (2): money_format() expects exactly 2 parameters, 1 given in [/var/www/vhosts/vpsnet.dev/httpdocs/tmp/dwoo/compile/var/www/vhosts/vpsnet.dev/httpdocs/views/overview/index.tpl.d17.php, line 40]
2010-06-18 14:12:47 Warning: Warning (2): money_format() expects parameter 2 to be double, string given in [/var/www/vhosts/vpsnet.dev/httpdocs/tmp/dwoo/compile/var/www/vhosts/vpsnet.dev/httpdocs/views/overview/index.tpl.d17.php, line 40]
2010-06-18 15:19:10 Warning: Warning (2): Missing argument 1 for WorkordersController::saveWorkorder(), called in /var/www/vhosts/vpsnet.dev/httpdocs/controllers/workorders_controller.php on line 54 and defined in [/var/www/vhosts/vpsnet.dev/httpdocs/controllers/workorders_controller.php, line 60]
2010-06-18 15:44:29 Warning: Warning (512): <span style="color:Red;text-align:left"><b>SQL Error:</b> 1054: Unknown column 'Ordertype.cost' in 'field list'</span> in [/var/cake/libs/model/datasources/dbo_source.php, line 666]
2010-06-18 15:46:55 Warning: Warning (512): <span style="color:Red;text-align:left"><b>SQL Error:</b> 1054: Unknown column 'Ordertype.cost' in 'field list'</span> in [/var/cake/libs/model/datasources/dbo_source.php, line 666]
2010-06-18 16:10:08 Warning: Warning (512): <span style="color:Red;text-align:left"><b>SQL Error:</b> 1054: Unknown column 'Ordertype.cost' in 'field list'</span> in [/var/cake/libs/model/datasources/dbo_source.php, line 666]
2010-06-18 16:15:51 Warning: Warning (2): array_merge() [<a href='http://php.net/function.array-merge'>function.array-merge</a>]: Argument #1 is not an array in [/var/cake/libs/view/helpers/paginator.php, line 193]
2010-06-18 16:15:51 Warning: Warning (2): array_merge() [<a href='http://php.net/function.array-merge'>function.array-merge</a>]: Argument #2 is not an array in [/var/cake/libs/view/helpers/paginator.php, line 193]
2010-06-18 16:15:51 Warning: Warning (2): array_merge() [<a href='http://php.net/function.array-merge'>function.array-merge</a>]: Argument #1 is not an array in [/var/cake/libs/view/helpers/paginator.php, line 380]
2010-06-18 16:15:51 Warning: Warning (2): array_merge() [<a href='http://php.net/function.array-merge'>function.array-merge</a>]: Argument #2 is not an array in [/var/cake/libs/view/helpers/paginator.php, line 380]
2010-06-18 16:23:35 Warning: Warning (512): <span style="color:Red;text-align:left"><b>SQL Error:</b> 1305: FUNCTION vpsnet.FIRST_DAY does not exist</span> in [/var/cake/libs/model/datasources/dbo_source.php, line 666]
2010-06-18 16:58:01 Warning: Warning (2): Missing argument 1 for WorkordersController::saveWorkorder(), called in /var/www/vhosts/vpsnet.dev/httpdocs/controllers/workorders_controller.php on line 54 and defined in [/var/www/vhosts/vpsnet.dev/httpdocs/controllers/workorders_controller.php, line 60]
2010-06-18 17:35:42 Warning: Warning (2): Missing argument 1 for WorkordersController::saveWorkorder(), called in /var/www/vhosts/vpsnet.dev/httpdocs/controllers/workorders_controller.php on line 37 and defined in [/var/www/vhosts/vpsnet.dev/httpdocs/controllers/workorders_controller.php, line 43]
2010-06-18 17:35:59 Warning: Warning (2): Missing argument 1 for WorkordersController::saveWorkorder(), called in /var/www/vhosts/vpsnet.dev/httpdocs/controllers/workorders_controller.php on line 37 and defined in [/var/www/vhosts/vpsnet.dev/httpdocs/controllers/workorders_controller.php, line 43]
2010-06-18 17:37:00 Warning: Warning (2): Missing argument 1 for WorkordersController::saveWorkorder(), called in /var/www/vhosts/vpsnet.dev/httpdocs/controllers/workorders_controller.php on line 37 and defined in [/var/www/vhosts/vpsnet.dev/httpdocs/controllers/workorders_controller.php, line 43]
2010-06-18 17:48:16 Warning: Warning (2): Missing argument 1 for WorkordersController::saveWorkorder(), called in /var/www/vhosts/vpsnet.dev/httpdocs/controllers/workorders_controller.php on line 37 and defined in [/var/www/vhosts/vpsnet.dev/httpdocs/controllers/workorders_controller.php, line 43]
2010-06-18 17:53:08 Warning: Warning (2): Missing argument 1 for WorkordersController::saveWorkorder(), called in /var/www/vhosts/vpsnet.dev/httpdocs/controllers/workorders_controller.php on line 37 and defined in [/var/www/vhosts/vpsnet.dev/httpdocs/controllers/workorders_controller.php, line 43]
2010-06-21 11:00:47 Warning: Warning (512): <span style="color:Red;text-align:left"><b>SQL Error:</b> 1054: Unknown column 'User.location_id' in 'where clause'</span> in [/var/cake/libs/model/datasources/dbo_source.php, line 666]
2010-06-21 11:39:42 Warning: Warning (512): <span style="color:Red;text-align:left"><b>SQL Error:</b> 1110: Column 'location_id' specified twice</span> in [/var/cake/libs/model/datasources/dbo_source.php, line 666]
2010-06-21 11:40:17 Warning: Warning (512): <span style="color:Red;text-align:left"><b>SQL Error:</b> 1110: Column 'location_id' specified twice</span> in [/var/cake/libs/model/datasources/dbo_source.php, line 666]
2010-06-21 11:40:22 Warning: Warning (512): <span style="color:Red;text-align:left"><b>SQL Error:</b> 1110: Column 'location_id' specified twice</span> in [/var/cake/libs/model/datasources/dbo_source.php, line 666]
2010-06-21 11:40:27 Warning: Warning (512): <span style="color:Red;text-align:left"><b>SQL Error:</b> 1110: Column 'location_id' specified twice</span> in [/var/cake/libs/model/datasources/dbo_source.php, line 666]
2010-06-21 11:41:15 Warning: Warning (512): <span style="color:Red;text-align:left"><b>SQL Error:</b> 1110: Column 'location_id' specified twice</span> in [/var/cake/libs/model/datasources/dbo_source.php, line 666]
2010-06-21 11:41:26 Warning: Warning (512): <span style="color:Red;text-align:left"><b>SQL Error:</b> 1110: Column 'location_id' specified twice</span> in [/var/cake/libs/model/datasources/dbo_source.php, line 666]
2010-06-21 11:41:29 Warning: Warning (512): <span style="color:Red;text-align:left"><b>SQL Error:</b> 1110: Column 'location_id' specified twice</span> in [/var/cake/libs/model/datasources/dbo_source.php, line 666]
2010-06-21 11:42:31 Warning: Warning (512): <span style="color:Red;text-align:left"><b>SQL Error:</b> 1110: Column 'location_id' specified twice</span> in [/var/cake/libs/model/datasources/dbo_source.php, line 666]
2010-06-21 12:57:32 Warning: Warning (512): <span style="color:Red;text-align:left"><b>SQL Error:</b> 1054: Unknown column 'Ordertype.name' in 'order clause'</span> in [/var/cake/libs/model/datasources/dbo_source.php, line 666]
2010-06-21 13:14:35 Warning: Warning (2): array_merge() [<a href='http://php.net/function.array-merge'>function.array-merge</a>]: Argument #3 is not an array in [/var/cake/libs/view/helpers/form.php, line 704]
2010-06-21 13:14:57 Warning: Warning (2): array_merge() [<a href='http://php.net/function.array-merge'>function.array-merge</a>]: Argument #3 is not an array in [/var/cake/libs/view/helpers/form.php, line 704]
2010-06-21 13:35:14 Warning: Warning (2): array_merge() [<a href='http://php.net/function.array-merge'>function.array-merge</a>]: Argument #3 is not an array in [/var/cake/libs/view/helpers/form.php, line 704]
2010-06-21 16:45:00 Warning: Warning (512): <span style="color:Red;text-align:left"><b>SQL Error:</b> 1064: You have an error in your SQL syntax; check the manual that corresponds to your MySQL server version for the right syntax to use near 'del' at line 1</span> in [/var/cake/libs/model/datasources/dbo_source.php, line 666]
2010-06-21 17:24:17 Warning: Warning (512): <span style="color:Red;text-align:left"><b>SQL Error:</b> 1054: Unknown column 'Department.hidden' in 'where clause'</span> in [/var/cake/libs/model/datasources/dbo_source.php, line 666]
2010-06-23 16:23:13 Warning: Warning (512): <span style="color:Red;text-align:left"><b>SQL Error:</b> 1054: Unknown column 'Addon.cost' in 'field list'</span> in [/var/cake/libs/model/datasources/dbo_source.php, line 666]
2010-06-23 16:32:34 Warning: Warning (2): money_format() expects exactly 2 parameters, 1 given in [/var/www/vhosts/vpsnet.dev/httpdocs/tmp/dwoo/compile/var/www/vhosts/vpsnet.dev/httpdocs/views/overview/all.tpl.d17.php, line 138]
2010-06-23 16:32:34 Warning: Warning (2): money_format() expects exactly 2 parameters, 1 given in [/var/www/vhosts/vpsnet.dev/httpdocs/tmp/dwoo/compile/var/www/vhosts/vpsnet.dev/httpdocs/views/overview/all.tpl.d17.php, line 159]
2010-06-23 16:32:35 Warning: Warning (2): money_format() expects exactly 2 parameters, 1 given in [/var/www/vhosts/vpsnet.dev/httpdocs/tmp/dwoo/compile/var/www/vhosts/vpsnet.dev/httpdocs/views/overview/all.tpl.d17.php, line 138]
2010-06-23 16:32:35 Warning: Warning (2): money_format() expects exactly 2 parameters, 1 given in [/var/www/vhosts/vpsnet.dev/httpdocs/tmp/dwoo/compile/var/www/vhosts/vpsnet.dev/httpdocs/views/overview/all.tpl.d17.php, line 159]
2010-06-23 16:36:56 Warning: Warning (512): <span style="color:Red;text-align:left"><b>SQL Error:</b> 1054: Unknown column 'AddonsWorkorder.addon_id' in 'on clause'</span> in [/var/cake/libs/model/datasources/dbo_source.php, line 666]
2010-06-23 16:55:56 Warning: Warning (512): <span style="color:Red;text-align:left"><b>SQL Error:</b> 1051: Unknown table 'Addon'</span> in [/var/cake/libs/model/datasources/dbo_source.php, line 666]
2010-06-23 16:55:56 Warning: Warning (2): Invalid argument supplied for foreach() in [/var/www/vhosts/vpsnet.dev/httpdocs/controllers/overview_controller.php, line 51]
2010-06-23 16:57:32 Warning: Warning (512): <span style="color:Red;text-align:left"><b>SQL Error:</b> 1051: Unknown table 'Addon'</span> in [/var/cake/libs/model/datasources/dbo_source.php, line 666]
2010-06-23 16:57:32 Warning: Warning (2): Invalid argument supplied for foreach() in [/var/www/vhosts/vpsnet.dev/httpdocs/controllers/overview_controller.php, line 51]
2010-06-23 17:04:05 Warning: Warning (2): Invalid argument supplied for foreach() in [/var/www/vhosts/vpsnet.dev/httpdocs/controllers/overview_controller.php, line 68]
2010-06-23 17:05:51 Warning: Warning (2): Invalid argument supplied for foreach() in [/var/www/vhosts/vpsnet.dev/httpdocs/controllers/overview_controller.php, line 72]
2010-06-23 17:06:10 Warning: Warning (2): Invalid argument supplied for foreach() in [/var/www/vhosts/vpsnet.dev/httpdocs/controllers/overview_controller.php, line 73]
2010-06-23 17:06:22 Warning: Warning (2): Invalid argument supplied for foreach() in [/var/www/vhosts/vpsnet.dev/httpdocs/controllers/overview_controller.php, line 73]
2010-06-23 17:06:45 Warning: Warning (512): <span style="color:Red;text-align:left"><b>SQL Error:</b> 1054: Unknown column 'Workorder.addons_workorder_id' in 'on clause'</span> in [/var/cake/libs/model/datasources/dbo_source.php, line 666]
2010-06-23 17:06:45 Warning: Warning (2): Invalid argument supplied for foreach() in [/var/www/vhosts/vpsnet.dev/httpdocs/controllers/overview_controller.php, line 72]
2010-06-23 17:07:00 Warning: Warning (2): Invalid argument supplied for foreach() in [/var/www/vhosts/vpsnet.dev/httpdocs/controllers/overview_controller.php, line 73]
2010-06-23 17:09:20 Warning: Warning (2): Invalid argument supplied for foreach() in [/var/www/vhosts/vpsnet.dev/httpdocs/controllers/overview_controller.php, line 73]
2010-06-23 17:09:36 Warning: Warning (2): Invalid argument supplied for foreach() in [/var/www/vhosts/vpsnet.dev/httpdocs/controllers/overview_controller.php, line 73]
2010-06-23 17:09:36 Warning: Warning (2): Invalid argument supplied for foreach() in [/var/www/vhosts/vpsnet.dev/httpdocs/controllers/overview_controller.php, line 78]
2010-06-23 17:10:03 Warning: Warning (2): Invalid argument supplied for foreach() in [/var/www/vhosts/vpsnet.dev/httpdocs/controllers/overview_controller.php, line 73]
2010-06-23 17:10:03 Warning: Warning (2): Invalid argument supplied for foreach() in [/var/www/vhosts/vpsnet.dev/httpdocs/controllers/overview_controller.php, line 78]
2010-06-23 17:14:41 Warning: Warning (512): <span style="color:Red;text-align:left"><b>SQL Error:</b> 1051: Unknown table 'Addon'</span> in [/var/cake/libs/model/datasources/dbo_source.php, line 666]
2010-06-23 17:14:41 Warning: Warning (2): Invalid argument supplied for foreach() in [/var/www/vhosts/vpsnet.dev/httpdocs/controllers/overview_controller.php, line 89]
2010-06-23 17:14:41 Warning: Warning (2): Invalid argument supplied for foreach() in [/var/www/vhosts/vpsnet.dev/httpdocs/controllers/overview_controller.php, line 94]
2010-06-23 17:15:49 Warning: Warning (512): <span style="color:Red;text-align:left"><b>SQL Error:</b> 1051: Unknown table 'Addon'</span> in [/var/cake/libs/model/datasources/dbo_source.php, line 666]
2010-06-23 17:15:49 Warning: Warning (2): Invalid argument supplied for foreach() in [/var/www/vhosts/vpsnet.dev/httpdocs/controllers/overview_controller.php, line 89]
2010-06-23 17:15:49 Warning: Warning (2): Invalid argument supplied for foreach() in [/var/www/vhosts/vpsnet.dev/httpdocs/controllers/overview_controller.php, line 94]
2010-06-23 17:16:37 Warning: Warning (2): Invalid argument supplied for foreach() in [/var/www/vhosts/vpsnet.dev/httpdocs/controllers/overview_controller.php, line 92]
2010-06-23 17:16:37 Warning: Warning (2): Invalid argument supplied for foreach() in [/var/www/vhosts/vpsnet.dev/httpdocs/controllers/overview_controller.php, line 97]
2010-06-23 17:16:46 Warning: Warning (2): Invalid argument supplied for foreach() in [/var/www/vhosts/vpsnet.dev/httpdocs/controllers/overview_controller.php, line 92]
2010-06-23 17:16:46 Warning: Warning (2): Invalid argument supplied for foreach() in [/var/www/vhosts/vpsnet.dev/httpdocs/controllers/overview_controller.php, line 97]
2010-06-23 17:16:47 Warning: Warning (2): Invalid argument supplied for foreach() in [/var/www/vhosts/vpsnet.dev/httpdocs/controllers/overview_controller.php, line 92]
2010-06-23 17:16:47 Warning: Warning (2): Invalid argument supplied for foreach() in [/var/www/vhosts/vpsnet.dev/httpdocs/controllers/overview_controller.php, line 97]
2010-06-23 17:16:48 Warning: Warning (2): Invalid argument supplied for foreach() in [/var/www/vhosts/vpsnet.dev/httpdocs/controllers/overview_controller.php, line 92]
2010-06-23 17:16:48 Warning: Warning (2): Invalid argument supplied for foreach() in [/var/www/vhosts/vpsnet.dev/httpdocs/controllers/overview_controller.php, line 97]
2010-06-23 17:16:50 Warning: Warning (2): Invalid argument supplied for foreach() in [/var/www/vhosts/vpsnet.dev/httpdocs/controllers/overview_controller.php, line 92]
2010-06-23 17:16:50 Warning: Warning (2): Invalid argument supplied for foreach() in [/var/www/vhosts/vpsnet.dev/httpdocs/controllers/overview_controller.php, line 97]
2010-06-23 17:17:47 Warning: Warning (2): Invalid argument supplied for foreach() in [/var/www/vhosts/vpsnet.dev/httpdocs/controllers/overview_controller.php, line 92]
2010-06-23 17:17:47 Warning: Warning (2): Invalid argument supplied for foreach() in [/var/www/vhosts/vpsnet.dev/httpdocs/controllers/overview_controller.php, line 97]
2010-06-23 17:18:00 Warning: Warning (2): Invalid argument supplied for foreach() in [/var/www/vhosts/vpsnet.dev/httpdocs/controllers/overview_controller.php, line 92]
2010-06-23 17:18:00 Warning: Warning (2): Invalid argument supplied for foreach() in [/var/www/vhosts/vpsnet.dev/httpdocs/controllers/overview_controller.php, line 97]
2010-06-23 17:18:31 Warning: Warning (2): Invalid argument supplied for foreach() in [/var/www/vhosts/vpsnet.dev/httpdocs/controllers/overview_controller.php, line 97]
2010-06-23 17:18:46 Warning: Warning (2): Invalid argument supplied for foreach() in [/var/www/vhosts/vpsnet.dev/httpdocs/controllers/overview_controller.php, line 97]
2010-06-23 17:31:59 Warning: Warning (512): <span style="color:Red;text-align:left"><b>SQL Error:</b> 1054: Unknown column 'Addon.cos' in 'field list'</span> in [/var/cake/libs/model/datasources/dbo_source.php, line 666]
2010-06-23 17:33:38 Warning: Warning (512): <span style="color:Red;text-align:left"><b>SQL Error:</b> 1054: Unknown column 'month' in 'group statement'</span> in [/var/cake/libs/model/datasources/dbo_source.php, line 666]
2010-06-23 17:34:06 Warning: Warning (512): <span style="color:Red;text-align:left"><b>SQL Error:</b> 1054: Unknown column 'month' in 'group statement'</span> in [/var/cake/libs/model/datasources/dbo_source.php, line 666]
2010-06-23 17:34:20 Warning: Warning (512): <span style="color:Red;text-align:left"><b>SQL Error:</b> 1054: Unknown column 'month' in 'group statement'</span> in [/var/cake/libs/model/datasources/dbo_source.php, line 666]
2010-06-24 10:30:11 Warning: Warning (512): <span style="color:Red;text-align:left"><b>SQL Error:</b> 1054: Unknown column 'day' in 'group statement'</span> in [/var/cake/libs/model/datasources/dbo_source.php, line 666]
2010-06-24 11:41:00 Warning: Warning (512): <span style="color:Red;text-align:left"><b>SQL Error:</b> 1054: Unknown column 'Array' in 'field list'</span> in [/var/cake/libs/model/datasources/dbo_source.php, line 666]
2010-06-24 11:48:33 Warning: Warning (512): <span style="color:Red;text-align:left"><b>SQL Error:</b> 1452: Cannot add or update a child row: a foreign key constraint fails (`vpsnet/users`, CONSTRAINT `fk_users_locations1` FOREIGN KEY (`location_id`) REFERENCES `locations` (`id`) ON DELETE NO ACTION ON UPDATE NO ACTION)</span> in [/var/cake/libs/model/datasources/dbo_source.php, line 666]
2010-06-24 11:48:33 Warning: Warning (2): Cannot modify header information - headers already sent by (output started at /var/cake/libs/debugger.php:673) in [/var/cake/libs/controller/controller.php, line 744]
2010-06-24 15:12:09 Warning: Warning (512): <span style="color:Red;text-align:left"><b>SQL Error:</b> 1054: Unknown column 'Array' in 'field list'</span> in [/var/cake/libs/model/datasources/dbo_source.php, line 666]
2010-06-24 15:13:00 Warning: Warning (512): <span style="color:Red;text-align:left"><b>SQL Error:</b> 1054: Unknown column 'Array' in 'field list'</span> in [/var/cake/libs/model/datasources/dbo_source.php, line 666]
2010-06-24 17:53:10 Warning: Warning (2): array_search() [<a href='http://php.net/function.array-search'>function.array-search</a>]: Wrong datatype for second argument in [/var/www/vhosts/vpsnet.dev/httpdocs/views/helpers/role.php, line 26]
2010-06-25 11:02:43 Warning: Warning (2): Invalid argument supplied for foreach() in [/var/www/vhosts/vpsnet.dev/httpdocs/app_model.php, line 92]
2010-06-25 11:03:22 Warning: Warning (2): Invalid argument supplied for foreach() in [/var/www/vhosts/vpsnet.dev/httpdocs/app_model.php, line 92]
2010-06-25 11:03:23 Warning: Warning (2): Cannot modify header information - headers already sent by (output started at /var/cake/libs/debugger.php:673) in [/var/cake/libs/controller/controller.php, line 744]
2010-06-25 11:05:45 Warning: Warning (2): Invalid argument supplied for foreach() in [/var/www/vhosts/vpsnet.dev/httpdocs/app_model.php, line 93]
2010-06-25 16:33:45 Warning: Warning (512): <span style="color:Red;text-align:left"><b>SQL Error:</b> 1054: Unknown column 'Ordertype.id' in 'where clause'</span> in [/var/cake/libs/model/datasources/dbo_source.php, line 666]
2010-06-25 17:11:52 Warning: Warning (512): <span style="color:Red;text-align:left"><b>SQL Error:</b> 1064: You have an error in your SQL syntax; check the manual that corresponds to your MySQL server version for the right syntax to use near 'DISTINCT `ordertypes` AS `Ordertype` ON (`OrdertypesWorkorder`.`ordertype_id` = ' at line 1</span> in [/var/cake/libs/model/datasources/dbo_source.php, line 666]
2010-06-25 17:14:20 Warning: Warning (512): <span style="color:Red;text-align:left"><b>SQL Error:</b> 1064: You have an error in your SQL syntax; check the manual that corresponds to your MySQL server version for the right syntax to use near 'DISTINCT Ordertype.id FROM `workorders` AS `Workorder` inner JOIN ordertypes_wor' at line 1</span> in [/var/cake/libs/model/datasources/dbo_source.php, line 666]
2010-06-25 17:28:09 Warning: Warning (512): <span style="color:Red;text-align:left"><b>SQL Error:</b> 1452: Cannot add or update a child row: a foreign key constraint fails (`vpsnet/workorders`, CONSTRAINT `fk_workorders_departments1` FOREIGN KEY (`department_id`) REFERENCES `departments` (`id`) ON DELETE NO ACTION ON UPDATE NO ACTION)</span> in [/var/cake/libs/model/datasources/dbo_source.php, line 666]
2010-06-25 17:28:32 Warning: Warning (512): <span style="color:Red;text-align:left"><b>SQL Error:</b> 1452: Cannot add or update a child row: a foreign key constraint fails (`vpsnet/workorders`, CONSTRAINT `fk_workorders_departments1` FOREIGN KEY (`department_id`) REFERENCES `departments` (`id`) ON DELETE NO ACTION ON UPDATE NO ACTION)</span> in [/var/cake/libs/model/datasources/dbo_source.php, line 666]
2010-06-28 11:58:07 Warning: Warning (2): mysql_connect() [<a href='function.mysql-connect'>function.mysql-connect</a>]: Access denied for user 'root'@'localhost' (using password: YES) in [/var/cake/libs/model/datasources/dbo/dbo_mysql.php, line 540]
2010-06-28 11:58:07 Warning: Warning (2): mysql_select_db(): supplied argument is not a valid MySQL-Link resource in [/var/cake/libs/model/datasources/dbo/dbo_mysql.php, line 546]
2010-06-28 11:58:07 Warning: Warning (2): mysql_get_server_info(): supplied argument is not a valid MySQL-Link resource in [/var/cake/libs/model/datasources/dbo/dbo_mysql.php, line 554]
2010-06-28 11:58:07 Warning: Warning (2): mysql_query(): supplied argument is not a valid MySQL-Link resource in [/var/cake/libs/model/datasources/dbo/dbo_mysql.php, line 588]
2010-06-28 11:58:07 Warning: Warning (2): mysql_errno(): supplied argument is not a valid MySQL-Link resource in [/var/cake/libs/model/datasources/dbo/dbo_mysql.php, line 667]
2010-06-28 11:58:08 Warning: Warning (2): mysql_connect() [<a href='function.mysql-connect'>function.mysql-connect</a>]: Access denied for user 'root'@'localhost' (using password: YES) in [/var/cake/libs/model/datasources/dbo/dbo_mysql.php, line 540]
2010-06-28 11:58:08 Warning: Warning (2): mysql_select_db(): supplied argument is not a valid MySQL-Link resource in [/var/cake/libs/model/datasources/dbo/dbo_mysql.php, line 546]
2010-06-28 11:58:08 Warning: Warning (2): mysql_get_server_info(): supplied argument is not a valid MySQL-Link resource in [/var/cake/libs/model/datasources/dbo/dbo_mysql.php, line 554]
2010-06-28 11:58:08 Warning: Warning (2): mysql_query(): supplied argument is not a valid MySQL-Link resource in [/var/cake/libs/model/datasources/dbo/dbo_mysql.php, line 588]
2010-06-28 11:58:08 Warning: Warning (2): mysql_errno(): supplied argument is not a valid MySQL-Link resource in [/var/cake/libs/model/datasources/dbo/dbo_mysql.php, line 667]
2010-06-28 11:58:15 Warning: Warning (2): mysql_connect() [<a href='function.mysql-connect'>function.mysql-connect</a>]: Access denied for user 'root'@'localhost' (using password: YES) in [/var/cake/libs/model/datasources/dbo/dbo_mysql.php, line 540]
2010-06-28 11:58:15 Warning: Warning (2): mysql_select_db(): supplied argument is not a valid MySQL-Link resource in [/var/cake/libs/model/datasources/dbo/dbo_mysql.php, line 546]
2010-06-28 11:58:15 Warning: Warning (2): mysql_get_server_info(): supplied argument is not a valid MySQL-Link resource in [/var/cake/libs/model/datasources/dbo/dbo_mysql.php, line 554]
2010-06-28 11:58:15 Warning: Warning (2): mysql_query(): supplied argument is not a valid MySQL-Link resource in [/var/cake/libs/model/datasources/dbo/dbo_mysql.php, line 588]
2010-06-28 11:58:15 Warning: Warning (2): mysql_errno(): supplied argument is not a valid MySQL-Link resource in [/var/cake/libs/model/datasources/dbo/dbo_mysql.php, line 667]
2010-06-28 11:58:15 Warning: Warning (2): mysql_real_escape_string() expects parameter 2 to be resource, boolean given in [/var/cake/libs/model/datasources/dbo/dbo_mysql.php, line 655]
2010-06-28 11:58:15 Warning: Warning (2): mysql_real_escape_string() expects parameter 2 to be resource, boolean given in [/var/cake/libs/model/datasources/dbo/dbo_mysql.php, line 655]
2010-06-28 11:58:15 Warning: Warning (2): mysql_query(): supplied argument is not a valid MySQL-Link resource in [/var/cake/libs/model/datasources/dbo/dbo_mysql.php, line 588]
2010-06-28 11:58:15 Warning: Warning (2): mysql_errno(): supplied argument is not a valid MySQL-Link resource in [/var/cake/libs/model/datasources/dbo/dbo_mysql.php, line 667]
2010-06-28 11:58:19 Warning: Warning (2): mysql_connect() [<a href='function.mysql-connect'>function.mysql-connect</a>]: Access denied for user 'root'@'localhost' (using password: YES) in [/var/cake/libs/model/datasources/dbo/dbo_mysql.php, line 540]
2010-06-28 11:58:19 Warning: Warning (2): mysql_select_db(): supplied argument is not a valid MySQL-Link resource in [/var/cake/libs/model/datasources/dbo/dbo_mysql.php, line 546]
2010-06-28 11:58:19 Warning: Warning (2): mysql_get_server_info(): supplied argument is not a valid MySQL-Link resource in [/var/cake/libs/model/datasources/dbo/dbo_mysql.php, line 554]
2010-06-28 11:58:19 Warning: Warning (2): mysql_query(): supplied argument is not a valid MySQL-Link resource in [/var/cake/libs/model/datasources/dbo/dbo_mysql.php, line 588]
2010-06-28 11:58:19 Warning: Warning (2): mysql_errno(): supplied argument is not a valid MySQL-Link resource in [/var/cake/libs/model/datasources/dbo/dbo_mysql.php, line 667]
2010-06-28 11:58:19 Warning: Warning (2): mysql_real_escape_string() expects parameter 2 to be resource, boolean given in [/var/cake/libs/model/datasources/dbo/dbo_mysql.php, line 655]
2010-06-28 11:58:19 Warning: Warning (2): mysql_real_escape_string() expects parameter 2 to be resource, boolean given in [/var/cake/libs/model/datasources/dbo/dbo_mysql.php, line 655]
2010-06-28 11:58:19 Warning: Warning (2): mysql_query(): supplied argument is not a valid MySQL-Link resource in [/var/cake/libs/model/datasources/dbo/dbo_mysql.php, line 588]
2010-06-28 11:58:19 Warning: Warning (2): mysql_errno(): supplied argument is not a valid MySQL-Link resource in [/var/cake/libs/model/datasources/dbo/dbo_mysql.php, line 667]
2010-06-28 11:58:53 Warning: Warning (2): mysql_connect() [<a href='function.mysql-connect'>function.mysql-connect</a>]: Access denied for user 'root'@'localhost' (using password: YES) in [/var/cake/libs/model/datasources/dbo/dbo_mysql.php, line 540]
2010-06-28 11:58:53 Warning: Warning (2): mysql_select_db(): supplied argument is not a valid MySQL-Link resource in [/var/cake/libs/model/datasources/dbo/dbo_mysql.php, line 546]
2010-06-28 11:58:53 Warning: Warning (2): mysql_get_server_info(): supplied argument is not a valid MySQL-Link resource in [/var/cake/libs/model/datasources/dbo/dbo_mysql.php, line 554]
2010-06-28 11:58:53 Warning: Warning (2): mysql_query(): supplied argument is not a valid MySQL-Link resource in [/var/cake/libs/model/datasources/dbo/dbo_mysql.php, line 588]
2010-06-28 11:58:53 Warning: Warning (2): mysql_errno(): supplied argument is not a valid MySQL-Link resource in [/var/cake/libs/model/datasources/dbo/dbo_mysql.php, line 667]
2010-06-28 11:58:53 Warning: Warning (2): mysql_connect() [<a href='function.mysql-connect'>function.mysql-connect</a>]: Access denied for user 'root'@'localhost' (using password: YES) in [/var/cake/libs/model/datasources/dbo/dbo_mysql.php, line 540]
2010-06-28 11:58:53 Warning: Warning (2): mysql_select_db(): supplied argument is not a valid MySQL-Link resource in [/var/cake/libs/model/datasources/dbo/dbo_mysql.php, line 546]
2010-06-28 11:58:53 Warning: Warning (2): mysql_get_server_info(): supplied argument is not a valid MySQL-Link resource in [/var/cake/libs/model/datasources/dbo/dbo_mysql.php, line 554]
2010-06-28 11:58:53 Warning: Warning (2): mysql_query(): supplied argument is not a valid MySQL-Link resource in [/var/cake/libs/model/datasources/dbo/dbo_mysql.php, line 588]
2010-06-28 11:58:53 Warning: Warning (2): mysql_errno(): supplied argument is not a valid MySQL-Link resource in [/var/cake/libs/model/datasources/dbo/dbo_mysql.php, line 667]
2010-06-28 12:10:11 Warning: Warning (512): <span style = "color:Red;text-align:left"><b>SQL Error:</b> 1054: Unknown column '1 as firstday' in 'field list'</span> in [/var/cake/libs/model/datasources/dbo_source.php, line 635]
2010-06-28 12:14:02 Warning: Warning (512): <span style = "color:Red;text-align:left"><b>SQL Error:</b> 1064: You have an error in your SQL syntax; check the manual that corresponds to your MySQL server version for the right syntax to use near 'Ordertype`.`cost`) as `ocost`, SUM(`Ordertype`.`charge`) as `ocharge` FROM `work' at line 1</span> in [/var/cake/libs/model/datasources/dbo_source.php, line 635]
2010-06-28 12:14:02 Warning: Warning (512): <span style = "color:Red;text-align:left"><b>SQL Error:</b> 1064: You have an error in your SQL syntax; check the manual that corresponds to your MySQL server version for the right syntax to use near 'Addon`.`cost`) as `acost`, SUM(`Addon`.`charge`) as `acharge` FROM `workorders` ' at line 1</span> in [/var/cake/libs/model/datasources/dbo_source.php, line 635]
2010-06-28 12:14:46 Warning: Warning (512): <span style = "color:Red;text-align:left"><b>SQL Error:</b> 1064: You have an error in your SQL syntax; check the manual that corresponds to your MySQL server version for the right syntax to use near 'Ordertype`.`cost`) as ocost, SUM(`Ordertype`.`charge`) as ocharge FROM `workorde' at line 1</span> in [/var/cake/libs/model/datasources/dbo_source.php, line 635]
2010-06-28 12:14:46 Warning: Warning (512): <span style = "color:Red;text-align:left"><b>SQL Error:</b> 1064: You have an error in your SQL syntax; check the manual that corresponds to your MySQL server version for the right syntax to use near 'Addon`.`cost`) as `acost`, SUM(`Addon`.`charge`) as `acharge` FROM `workorders` ' at line 1</span> in [/var/cake/libs/model/datasources/dbo_source.php, line 635]
2010-06-28 12:15:50 Warning: Warning (512): <span style = "color:Red;text-align:left"><b>SQL Error:</b> 1054: Unknown column '"1" as firstday' in 'field list'</span> in [/var/cake/libs/model/datasources/dbo_source.php, line 635]
2010-06-28 12:15:50 Warning: Warning (512): <span style = "color:Red;text-align:left"><b>SQL Error:</b> 1064: You have an error in your SQL syntax; check the manual that corresponds to your MySQL server version for the right syntax to use near '`, SUM(`Addon`.`cost`) AS acost, SUM(`Addon`.`charge`) as acharge FROM `workorde' at line 1</span> in [/var/cake/libs/model/datasources/dbo_source.php, line 635]
2010-06-28 12:16:19 Warning: Warning (512): <span style = "color:Red;text-align:left"><b>SQL Error:</b> 1064: You have an error in your SQL syntax; check the manual that corresponds to your MySQL server version for the right syntax to use near 'Ordertype`.`cost`) as ocost, SUM(`Ordertype`.`charge`) as ocharge FROM `workorde' at line 1</span> in [/var/cake/libs/model/datasources/dbo_source.php, line 635]
2010-06-28 12:16:19 Warning: Warning (512): <span style = "color:Red;text-align:left"><b>SQL Error:</b> 1064: You have an error in your SQL syntax; check the manual that corresponds to your MySQL server version for the right syntax to use near 'firstday, SUM(`Addon`.`cost`) AS acost, SUM(`Addon`.`charge`) as acharge FROM `w' at line 1</span> in [/var/cake/libs/model/datasources/dbo_source.php, line 635]
2010-06-28 12:17:00 Warning: Warning (512): <span style = "color:Red;text-align:left"><b>SQL Error:</b> 1054: Unknown column '1 as firstday' in 'field list'</span> in [/var/cake/libs/model/datasources/dbo_source.php, line 635]
2010-07-30 14:05:02 Warning: Warning (512): <span style = "color:Red;text-align:left"><b>SQL Error:</b> 1054: Unknown column 'admin' in 'where clause'</span> in [/var/cake/libs/model/datasources/dbo_source.php, line 635]
2010-07-30 14:05:24 Warning: Warning (512): <span style = "color:Red;text-align:left"><b>SQL Error:</b> 1054: Unknown column 'admin' in 'where clause'</span> in [/var/cake/libs/model/datasources/dbo_source.php, line 635]
2010-07-30 14:08:12 Warning: Warning (512): <span style = "color:Red;text-align:left"><b>SQL Error:</b> 1054: Unknown column 'Users.location_id' in 'where clause'</span> in [/var/cake/libs/model/datasources/dbo_source.php, line 635]
2010-07-30 14:08:36 Warning: Warning (512): <span style = "color:Red;text-align:left"><b>SQL Error:</b> 1054: Unknown column 'Users.location_id' in 'where clause'</span> in [/var/cake/libs/model/datasources/dbo_source.php, line 635]
2010-07-30 15:16:29 Warning: Warning (512): <span style = "color:Red;text-align:left"><b>SQL Error:</b> 1305: FUNCTION User.CONCAT does not exist</span> in [/var/cake/libs/model/datasources/dbo_source.php, line 635]
2010-08-02 16:20:19 Warning: Warning (2): Invalid argument supplied for foreach() in [/var/www/vhosts/vpsnet.dev/httpdocs/controllers/users_controller.php, line 26]
2010-08-02 16:20:22 Warning: Warning (2): Invalid argument supplied for foreach() in [/var/www/vhosts/vpsnet.dev/httpdocs/controllers/users_controller.php, line 26]
